#
# A fatal error has been detected by the Java Runtime Environment:
#
#  SIGSEGV (0xb) at pc=0x00007fc876a4836d, pid=7243, tid=0x00007fc876c3a700
#
# JRE version: OpenJDK Runtime Environment (8.0_252-b09) (build 1.8.0_252-8u252-b09-1~18.04-b09)
# Java VM: OpenJDK 64-Bit Server VM (25.252-b09 mixed mode linux-amd64 compressed oops)
# Problematic frame:
# C  [ld-linux-x86-64.so.2+0xa36d]
#
# Failed to write core dump. Core dumps have been disabled. To enable core dumping, try "ulimit -c unlimited" before starting Java again
#
# If you would like to submit a bug report, please visit:
#   http://bugreport.java.com/bugreport/crash.jsp
# The crash happened outside the Java Virtual Machine in native code.
# See problematic frame for where to report the bug.
#

---------------  T H R E A D  ---------------

Current thread (0x00007fc87000f000):  JavaThread "main" [_thread_in_native, id=7249, stack(0x00007fc876b3b000,0x00007fc876c3b000)]

siginfo: si_signo: 11 (SIGSEGV), si_code: 1 (SEGV_MAPERR), si_addr: 0x0000000000000000

Registers:
RAX=0x0000000000000003, RBX=0x0000000085f4d995, RCX=0x00007fc7f4136788, RDX=0x00007fc876c37f10
RSP=0x00007fc876c37dd0, RBP=0x0000000000000000, RSI=0x000000000217d366, RDI=0x00007fc7f4137650
R8 =0x00007fc876c37f20, R9 =0x00007fc87158c868, R10=0x0000000000000000, R11=0x0000000000000000
R12=0x0000000000000000, R13=0x0000000000000000, R14=0x0000000000000000, R15=0x0000000000000000
RIP=0x00007fc876a4836d, EFLAGS=0x0000000000010206, CSGSFS=0x002b000000000033, ERR=0x0000000000000004
  TRAPNO=0x000000000000000e

Top of Stack: (sp=0x00007fc876c37dd0)
0x00007fc876c37dd0:   0000000085f4d995 00007fc876a4c618
0x00007fc876c37de0:   a202502c00000001 00007fc802318e20
0x00007fc876c37df0:   000000000217d366 00007fc7f4137650
0x00007fc876c37e00:   00007fc7f4136788 00007fc802935274
0x00007fc876c37e10:   00007fc87158c5b0 00007fc800000000
0x00007fc876c37e20:   00007fc876c37f20 00007fc800000003
0x00007fc876c37e30:   00007fc876c37f10 00007fc800000000
0x00007fc876c37e40:   00007fc870362c30 0000000000000000
0x00007fc876c37e50:   000000000000002f 00007fc876a4c312
0x00007fc876c37e60:   0000000000000000 0000000085f4d995
0x00007fc876c37e70:   00007fc8708e8ee0 00007fc876c38040
0x00007fc876c37e80:   0000000000000000 00007fc8708e8b80
0x00007fc876c37e90:   0000000000000000 00007fc876a491ef
0x00007fc876c37ea0:   0000000000000000 0000000000000000
0x00007fc876c37eb0:   0000000000000001 0000000000000000
0x00007fc876c37ec0:   0000000000000004 00007fc8708e8b80
0x00007fc876c37ed0:   00007fc7f4137650 00000004f6ec2470
0x00007fc876c37ee0:   00007fc876c37f10 00007fc876c37f20
0x00007fc876c37ef0:   00007fc8708e8ed8 0000000000000000
0x00007fc876c37f00:   0000000000000000 00007fc7f6ec2470
0x00007fc876c37f10:   00000000ffffffff c1230acdacf4a14a
0x00007fc876c37f20:   0000000000000000 0000000000000000
0x00007fc876c37f30:   0000000000000000 00007fc7f6ec2470
0x00007fc876c37f40:   c1230bfff4cea14a c1230acdacf4a14a
0x00007fc876c37f50:   0000000000000000 0000000000000288
0x00007fc876c37f60:   0000000000000001 00007fc7f4138ea8
0x00007fc876c37f70:   00007fc876c380c0 0000000000000006
0x00007fc876c37f80:   00007fc7f4136788 00007fc8708e8b80
0x00007fc876c37f90:   0000000900000006 00007fc876a4aaf9
0x00007fc876c37fa0:   0000000000000001 0000000000000000
0x00007fc876c37fb0:   0000000000000000 0000000000000000
0x00007fc876c37fc0:   0000000000000000 0000000000000000 

Instructions: (pc=0x00007fc876a4836d)
0x00007fc876a4834d:   c0 4c 8b 54 24 18 0f 85 35 0b 00 00 0f 1f 80 00
0x00007fc876a4835d:   00 00 00 48 83 c5 01 49 39 ea 0f 86 23 03 00 00
0x00007fc876a4836d:   49 8b 04 ec 48 8b 58 28 48 3b 9c 24 e8 00 00 00
0x00007fc876a4837d:   74 e1 45 85 f6 74 09 f6 83 14 03 00 00 03 74 d3 

Register to memory mapping:

RAX=0x0000000000000003 is an unknown value
RBX=0x0000000085f4d995 is an unknown value
RCX=0x00007fc7f4136788: <offset 0x788> in /lib/x86_64-linux-gnu/libresolv.so.2 at 0x00007fc7f4136000
RDX=0x00007fc876c37f10 is pointing into the stack for thread: 0x00007fc87000f000
RSP=0x00007fc876c37dd0 is pointing into the stack for thread: 0x00007fc87000f000
RBP=0x0000000000000000 is an unknown value
RSI=0x000000000217d366 is an unknown value
RDI=0x00007fc7f4137650: <offset 0x1650> in /lib/x86_64-linux-gnu/libresolv.so.2 at 0x00007fc7f4136000
R8 =0x00007fc876c37f20 is pointing into the stack for thread: 0x00007fc87000f000
R9 =0x00007fc87158c868 is an unknown value
R10=0x0000000000000000 is an unknown value
R11=0x0000000000000000 is an unknown value
R12=0x0000000000000000 is an unknown value
R13=0x0000000000000000 is an unknown value
R14=0x0000000000000000 is an unknown value
R15=0x0000000000000000 is an unknown value


Stack: [0x00007fc876b3b000,0x00007fc876c3b000],  sp=0x00007fc876c37dd0,  free space=1011k
Native frames: (J=compiled Java code, j=interpreted, Vv=VM code, C=native code)
C  [ld-linux-x86-64.so.2+0xa36d]

Java frames: (J=compiled Java code, j=interpreted, Vv=VM code)
j  org.lwjgl.openal.ALC10.nalcOpenDevice(J)J+0
j  org.lwjgl.openal.ALC10.alcOpenDevice(Ljava/lang/String;)Lorg/lwjgl/openal/ALCdevice;+9
j  org.lwjgl.openal.AL.init(Ljava/lang/String;IIZZ)V+12
j  org.lwjgl.openal.AL.create(Ljava/lang/String;IIZZ)V+245
j  org.lwjgl.openal.AL.create(Ljava/lang/String;IIZ)V+5
j  org.lwjgl.openal.AL.create()V+6
j  org.newdawn.slick.openal.SoundStore$1.run()Ljava/lang/Object;+0
v  ~StubRoutines::call_stub
J 816  java.security.AccessController.doPrivileged(Ljava/security/PrivilegedAction;)Ljava/lang/Object; (0 bytes) @ 0x00007fc85fdb9e8f [0x00007fc85fdb9e40+0x4f]
j  org.newdawn.slick.openal.SoundStore.init()V+26
j  org.newdawn.slick.Sound.<init>(Ljava/lang/String;)V+7
j  snake.SnakePro.initSounds(Lorg/newdawn/slick/GameContainer;)V+18
j  snake.SnakePro.init(Lorg/newdawn/slick/GameContainer;)V+574
j  org.newdawn.slick.AppGameContainer.setup()V+176
j  org.newdawn.slick.AppGameContainer.start()V+1
j  snake.SnakePro.main([Ljava/lang/String;)V+44
v  ~StubRoutines::call_stub

---------------  P R O C E S S  ---------------

Java Threads: ( => current thread )
  0x00007fc870c82800 JavaThread "Thread-1" daemon [_thread_blocked, id=7284, stack(0x00007fc84d1f2000,0x00007fc84d2f3000)]
  0x00007fc8705a0800 JavaThread "process reaper" daemon [_thread_blocked, id=7278, stack(0x00007fc8548d2000,0x00007fc85490b000)]
  0x00007fc87058b000 JavaThread "AWT-XAWT" daemon [_thread_in_native, id=7276, stack(0x00007fc85490b000,0x00007fc854a0c000)]
  0x00007fc870565000 JavaThread "Java2D Disposer" daemon [_thread_blocked, id=7275, stack(0x00007fc85c124000,0x00007fc85c225000)]
  0x00007fc870329800 JavaThread "Service Thread" daemon [_thread_in_vm, id=7268, stack(0x00007fc85c326000,0x00007fc85c427000)]
  0x00007fc870326000 JavaThread "C1 CompilerThread2" daemon [_thread_in_native, id=7267, stack(0x00007fc85c428000,0x00007fc85c528000)]
  0x00007fc870324000 JavaThread "C2 CompilerThread1" daemon [_thread_in_native, id=7266, stack(0x00007fc85c529000,0x00007fc85c629000)]
  0x00007fc870322800 JavaThread "C2 CompilerThread0" daemon [_thread_in_native, id=7265, stack(0x00007fc85c62a000,0x00007fc85c72a000)]
  0x00007fc824001000 JavaThread "JDWP Command Reader" daemon [_thread_in_native, id=7263, stack(0x00007fc85cb9d000,0x00007fc85cc9e000)]
  0x00007fc870191000 JavaThread "JDWP Event Helper Thread" daemon [_thread_blocked, id=7262, stack(0x00007fc85cc9e000,0x00007fc85cd9f000)]
  0x00007fc87018d800 JavaThread "JDWP Transport Listener: dt_socket" daemon [_thread_blocked, id=7259, stack(0x00007fc85cd9f000,0x00007fc85cea0000)]
  0x00007fc87017f000 JavaThread "Signal Dispatcher" daemon [_thread_blocked, id=7257, stack(0x00007fc85d0a5000,0x00007fc85d1a6000)]
  0x00007fc870152000 JavaThread "Finalizer" daemon [_thread_blocked, id=7256, stack(0x00007fc85d1a6000,0x00007fc85d2a7000)]
  0x00007fc87014d800 JavaThread "Reference Handler" daemon [_thread_blocked, id=7255, stack(0x00007fc85d2a7000,0x00007fc85d3a8000)]
=>0x00007fc87000f000 JavaThread "main" [_thread_in_native, id=7249, stack(0x00007fc876b3b000,0x00007fc876c3b000)]

Other Threads:
  0x00007fc870144000 VMThread [stack: 0x00007fc85d3a9000,0x00007fc85d4a9000] [id=7254]
  0x00007fc87032c000 WatcherThread [stack: 0x00007fc85c226000,0x00007fc85c326000] [id=7269]

VM state:not at safepoint (normal execution)

VM Mutex/Monitor currently owned by a thread: None

heap address: 0x00000006c6c00000, size: 3988 MB, Compressed Oops mode: Zero based, Oop shift amount: 3
Narrow klass base: 0x0000000000000000, Narrow klass shift: 3
Compressed class space size: 1073741824 Address: 0x00000007c0000000

Heap:
 PSYoungGen      total 74752K, used 21234K [0x000000076cf00000, 0x0000000772200000, 0x00000007c0000000)
  eden space 64512K, 20% used [0x000000076cf00000,0x000000076dbd8ff8,0x0000000770e00000)
  from space 10240K, 78% used [0x0000000770e00000,0x00000007715e3b10,0x0000000771800000)
  to   space 10240K, 0% used [0x0000000771800000,0x0000000771800000,0x0000000772200000)
 ParOldGen       total 171008K, used 16K [0x00000006c6c00000, 0x00000006d1300000, 0x000000076cf00000)
  object space 171008K, 0% used [0x00000006c6c00000,0x00000006c6c04000,0x00000006d1300000)
 Metaspace       used 13580K, capacity 13769K, committed 14080K, reserved 1062912K
  class space    used 1337K, capacity 1425K, committed 1536K, reserved 1048576K

Card table byte_map: [0x00007fc85ee83000,0x00007fc85f64e000] byte_map_base: 0x00007fc85b84d000

Marking Bits: (ParMarkBitMap*) 0x00007fc875de13c0
 Begin Bits: [0x00007fc838360000, 0x00007fc83c1b0000)
 End Bits:   [0x00007fc83c1b0000, 0x00007fc840000000)

Polling page: 0x00007fc876c62000

CodeCache: size=245760Kb used=5172Kb max_used=5172Kb free=240587Kb
 bounds [0x00007fc85fa0e000, 0x00007fc85ff2e000, 0x00007fc86ea0e000]
 total_blobs=1880 nmethods=1263 adapters=540
 compilation: enabled

Compilation events (10 events):
Event: 1,932 Thread 0x00007fc870326000 nmethod 1259 0x00007fc85ff0d410 code [0x00007fc85ff0d580, 0x00007fc85ff0d828]
Event: 1,946 Thread 0x00007fc870322800 nmethod 1244% 0x00007fc85ff13090 code [0x00007fc85ff132c0, 0x00007fc85ff15df8]
Event: 1,946 Thread 0x00007fc870322800 1249 %     4       sun.java2d.loops.OpaqueCopyArgbToAny::Blit @ 172 (232 bytes)
Event: 2,008 Thread 0x00007fc870326000 1280       3       org.eclipse.jdt.launching.internal.org.objectweb.asm.ClassReader::readConst (276 bytes)
Event: 2,009 Thread 0x00007fc870322800 nmethod 1249% 0x00007fc85ff1b750 code [0x00007fc85ff1b9a0, 0x00007fc85ff1e708]
Event: 2,009 Thread 0x00007fc870322800 1260       4       sun.java2d.loops.OpaqueCopyAnyToArgb::Blit (234 bytes)
Event: 2,014 Thread 0x00007fc870326000 nmethod 1280 0x00007fc85ff1fed0 code [0x00007fc85ff20360, 0x00007fc85ff22b78]
Event: 2,014 Thread 0x00007fc870326000 1264       1       java.util.concurrent.atomic.AtomicLong::addAndGet (14 bytes)
Event: 2,014 Thread 0x00007fc870326000 nmethod 1264 0x00007fc85ff12110 code [0x00007fc85ff12260, 0x00007fc85ff12370]
Event: 2,014 Thread 0x00007fc870326000 1270   !   3       java.lang.ref.Reference::tryHandlePending (115 bytes)

GC Heap History (2 events):
Event: 1,970 GC heap before
{Heap before GC invocations=1 (full 0):
 PSYoungGen      total 74752K, used 64512K [0x000000076cf00000, 0x0000000772200000, 0x00000007c0000000)
  eden space 64512K, 100% used [0x000000076cf00000,0x0000000770e00000,0x0000000770e00000)
  from space 10240K, 0% used [0x0000000771800000,0x0000000771800000,0x0000000772200000)
  to   space 10240K, 0% used [0x0000000770e00000,0x0000000770e00000,0x0000000771800000)
 ParOldGen       total 171008K, used 0K [0x00000006c6c00000, 0x00000006d1300000, 0x000000076cf00000)
  object space 171008K, 0% used [0x00000006c6c00000,0x00000006c6c00000,0x00000006d1300000)
 Metaspace       used 13172K, capacity 13449K, committed 13696K, reserved 1060864K
  class space    used 1288K, capacity 1361K, committed 1408K, reserved 1048576K
Event: 1,978 GC heap after
Heap after GC invocations=1 (full 0):
 PSYoungGen      total 74752K, used 8078K [0x000000076cf00000, 0x0000000772200000, 0x00000007c0000000)
  eden space 64512K, 0% used [0x000000076cf00000,0x000000076cf00000,0x0000000770e00000)
  from space 10240K, 78% used [0x0000000770e00000,0x00000007715e3b10,0x0000000771800000)
  to   space 10240K, 0% used [0x0000000771800000,0x0000000771800000,0x0000000772200000)
 ParOldGen       total 171008K, used 16K [0x00000006c6c00000, 0x00000006d1300000, 0x000000076cf00000)
  object space 171008K, 0% used [0x00000006c6c00000,0x00000006c6c04000,0x00000006d1300000)
 Metaspace       used 13172K, capacity 13449K, committed 13696K, reserved 1060864K
  class space    used 1288K, capacity 1361K, committed 1408K, reserved 1048576K
}

Deoptimization events (3 events):
Event: 0,424 Thread 0x00007fc87000f000 Uncommon trap: reason=unstable_if action=reinterpret pc=0x00007fc85fb9517c method=org.eclipse.jdt.launching.internal.org.objectweb.asm.ClassReader.readUTF8(I[C)Ljava/lang/String; @ 11
Event: 1,272 Thread 0x00007fc87000f000 Uncommon trap: reason=unstable_if action=reinterpret pc=0x00007fc85fd47a44 method=java.lang.Integer.valueOf(I)Ljava/lang/Integer; @ 3
Event: 2,000 Thread 0x00007fc87000f000 Uncommon trap: reason=unstable_if action=reinterpret pc=0x00007fc85febefa4 method=java.lang.ref.SoftReference.get()Ljava/lang/Object; @ 17

Classes redefined (0 events):
No events

Internal exceptions (10 events):
Event: 2,008 Thread 0x00007fc870c82800 Exception <a 'java/io/IOException'> (0x000000076db38d30) thrown at [/build/openjdk-8-piDAoU/openjdk-8-8u252-b09/src/hotspot/src/share/vm/prims/jni.cpp, line 710]
Event: 2,008 Thread 0x00007fc870c82800 Exception <a 'java/io/IOException'> (0x000000076db38f98) thrown at [/build/openjdk-8-piDAoU/openjdk-8-8u252-b09/src/hotspot/src/share/vm/prims/jni.cpp, line 710]
Event: 2,008 Thread 0x00007fc870c82800 Exception <a 'java/io/IOException'> (0x000000076db39200) thrown at [/build/openjdk-8-piDAoU/openjdk-8-8u252-b09/src/hotspot/src/share/vm/prims/jni.cpp, line 710]
Event: 2,008 Thread 0x00007fc870c82800 Exception <a 'java/io/IOException'> (0x000000076db39468) thrown at [/build/openjdk-8-piDAoU/openjdk-8-8u252-b09/src/hotspot/src/share/vm/prims/jni.cpp, line 710]
Event: 2,008 Thread 0x00007fc870c82800 Exception <a 'java/io/IOException'> (0x000000076db396d0) thrown at [/build/openjdk-8-piDAoU/openjdk-8-8u252-b09/src/hotspot/src/share/vm/prims/jni.cpp, line 710]
Event: 2,009 Thread 0x00007fc870c82800 Exception <a 'java/io/IOException'> (0x000000076db39938) thrown at [/build/openjdk-8-piDAoU/openjdk-8-8u252-b09/src/hotspot/src/share/vm/prims/jni.cpp, line 710]
Event: 2,009 Thread 0x00007fc870c82800 Exception <a 'java/io/IOException'> (0x000000076db39ba0) thrown at [/build/openjdk-8-piDAoU/openjdk-8-8u252-b09/src/hotspot/src/share/vm/prims/jni.cpp, line 710]
Event: 2,010 Thread 0x00007fc870c82800 Exception <a 'java/io/IOException'> (0x000000076db39e08) thrown at [/build/openjdk-8-piDAoU/openjdk-8-8u252-b09/src/hotspot/src/share/vm/prims/jni.cpp, line 710]
Event: 2,010 Thread 0x00007fc870c82800 Exception <a 'java/io/IOException'> (0x000000076db3a070) thrown at [/build/openjdk-8-piDAoU/openjdk-8-8u252-b09/src/hotspot/src/share/vm/prims/jni.cpp, line 710]
Event: 2,010 Thread 0x00007fc870c82800 Exception <a 'java/io/IOException'> (0x000000076db3a2d8) thrown at [/build/openjdk-8-piDAoU/openjdk-8-8u252-b09/src/hotspot/src/share/vm/prims/jni.cpp, line 710]

Events (10 events):
Event: 2,010 loading class sun/management/MappedMXBeanType$MapMXBeanType
Event: 2,010 loading class sun/management/MappedMXBeanType$MapMXBeanType done
Event: 2,010 loading class sun/management/MappedMXBeanType$CompositeDataMXBeanType
Event: 2,011 loading class sun/management/MappedMXBeanType$CompositeDataMXBeanType done
Event: 2,011 loading class sun/management/MappedMXBeanType$CompositeDataMXBeanType$1
Event: 2,011 loading class sun/management/MappedMXBeanType$CompositeDataMXBeanType$1 done
Event: 2,011 loading class sun/management/MappedMXBeanType$CompositeDataMXBeanType$2
Event: 2,011 loading class sun/management/MappedMXBeanType$CompositeDataMXBeanType$2 done
Event: 2,011 loading class sun/reflect/generics/tree/BottomSignature
Event: 2,014 loading class sun/reflect/generics/tree/BottomSignature done


Dynamic libraries:
6c6c00000-6d1300000 rw-p 00000000 00:00 0 
6d1300000-76cf00000 ---p 00000000 00:00 0 
76cf00000-772200000 rw-p 00000000 00:00 0 
772200000-7c0000000 ---p 00000000 00:00 0 
7c0000000-7c0180000 rw-p 00000000 00:00 0 
7c0180000-800000000 ---p 00000000 00:00 0 
5591d36a3000-5591d36a4000 r-xp 00000000 08:01 12588420                   /usr/lib/jvm/java-8-openjdk-amd64/jre/bin/java
5591d38a3000-5591d38a4000 r--p 00000000 08:01 12588420                   /usr/lib/jvm/java-8-openjdk-amd64/jre/bin/java
5591d38a4000-5591d38a5000 rw-p 00001000 08:01 12588420                   /usr/lib/jvm/java-8-openjdk-amd64/jre/bin/java
5591d54ac000-5591d54cd000 rw-p 00000000 00:00 0                          [heap]
7fc7ef000000-7fc7f0000000 rw-s 00000000 00:18 219                        /i915 (deleted)
7fc7f0000000-7fc7f0021000 rw-p 00000000 00:00 0 
7fc7f0021000-7fc7f4000000 ---p 00000000 00:00 0 
7fc7f4136000-7fc7f414d000 r-xp 00000000 08:01 1315577                    /lib/x86_64-linux-gnu/libresolv-2.27.so
7fc7f414d000-7fc7f434d000 ---p 00017000 08:01 1315577                    /lib/x86_64-linux-gnu/libresolv-2.27.so
7fc7f434d000-7fc7f434f000 rw-p 00017000 08:01 1315577                    /lib/x86_64-linux-gnu/libresolv-2.27.so
7fc7f434f000-7fc7f4351000 rw-p 00000000 00:00 0 
7fc7f4351000-7fc7f43de000 r-xp 00000000 08:01 12592332                   /usr/lib/x86_64-linux-gnu/libvorbisenc.so.2.0.11
7fc7f43de000-7fc7f45dd000 ---p 0008d000 08:01 12592332                   /usr/lib/x86_64-linux-gnu/libvorbisenc.so.2.0.11
7fc7f45dd000-7fc7f45fa000 rw-p 0008c000 08:01 12592332                   /usr/lib/x86_64-linux-gnu/libvorbisenc.so.2.0.11
7fc7f45fa000-7fc7f46fa000 rw-s 00000000 00:18 227                        /i915 (deleted)
7fc7f46fa000-7fc7f47fa000 rw-s 00000000 00:18 226                        /i915 (deleted)
7fc7f47fa000-7fc7f48fa000 rw-s 00000000 00:18 225                        /i915 (deleted)
7fc7f48fa000-7fc7f49fa000 rw-s 00000000 00:18 224                        /i915 (deleted)
7fc7f49fa000-7fc7f4afa000 rw-s 00000000 00:18 223                        /i915 (deleted)
7fc7f4afa000-7fc7f4bfa000 rw-s 00000000 00:18 222                        /i915 (deleted)
7fc7f4bfa000-7fc7f4cfa000 rw-s 00000000 00:18 221                        /i915 (deleted)
7fc7f4cfa000-7fc7f4dfa000 rw-s 00000000 00:18 220                        /i915 (deleted)
7fc7f4e77000-7fc7f4ea1000 r-xp 00000000 08:01 12592330                   /usr/lib/x86_64-linux-gnu/libvorbis.so.0.4.8
7fc7f4ea1000-7fc7f50a0000 ---p 0002a000 08:01 12592330                   /usr/lib/x86_64-linux-gnu/libvorbis.so.0.4.8
7fc7f50a0000-7fc7f50a2000 rw-p 00029000 08:01 12592330                   /usr/lib/x86_64-linux-gnu/libvorbis.so.0.4.8
7fc7f50a2000-7fc7f50a9000 r-xp 00000000 08:01 12591984                   /usr/lib/x86_64-linux-gnu/libogg.so.0.8.2
7fc7f50a9000-7fc7f52a9000 ---p 00007000 08:01 12591984                   /usr/lib/x86_64-linux-gnu/libogg.so.0.8.2
7fc7f52a9000-7fc7f52ab000 rw-p 00007000 08:01 12591984                   /usr/lib/x86_64-linux-gnu/libogg.so.0.8.2
7fc7f52ab000-7fc7f5320000 r-xp 00000000 08:01 12590955                   /usr/lib/x86_64-linux-gnu/libFLAC.so.8.3.0
7fc7f5320000-7fc7f5520000 ---p 00075000 08:01 12590955                   /usr/lib/x86_64-linux-gnu/libFLAC.so.8.3.0
7fc7f5520000-7fc7f5522000 rw-p 00075000 08:01 12590955                   /usr/lib/x86_64-linux-gnu/libFLAC.so.8.3.0
7fc7f5522000-7fc7f5527000 r-xp 00000000 08:01 12591127                   /usr/lib/x86_64-linux-gnu/libasyncns.so.0.3.1
7fc7f5527000-7fc7f5726000 ---p 00005000 08:01 12591127                   /usr/lib/x86_64-linux-gnu/libasyncns.so.0.3.1
7fc7f5726000-7fc7f5728000 rw-p 00004000 08:01 12591127                   /usr/lib/x86_64-linux-gnu/libasyncns.so.0.3.1
7fc7f5728000-7fc7f579c000 r-xp 00000000 08:01 12587824                   /usr/lib/x86_64-linux-gnu/libsndfile.so.1.0.28
7fc7f579c000-7fc7f599b000 ---p 00074000 08:01 12587824                   /usr/lib/x86_64-linux-gnu/libsndfile.so.1.0.28
7fc7f599b000-7fc7f599f000 rw-p 00073000 08:01 12587824                   /usr/lib/x86_64-linux-gnu/libsndfile.so.1.0.28
7fc7f599f000-7fc7f59a1000 rw-p 00000000 00:00 0 
7fc7f59a1000-7fc7f59a9000 r-xp 00000000 08:01 1315610                    /lib/x86_64-linux-gnu/libwrap.so.0.7.6
7fc7f59a9000-7fc7f5ba9000 ---p 00008000 08:01 1315610                    /lib/x86_64-linux-gnu/libwrap.so.0.7.6
7fc7f5ba9000-7fc7f5bab000 rw-p 00008000 08:01 1315610                    /lib/x86_64-linux-gnu/libwrap.so.0.7.6
7fc7f5bab000-7fc7f5bf9000 r-xp 00000000 08:01 12583995                   /usr/lib/x86_64-linux-gnu/libpulse.so.0.20.2
7fc7f5bf9000-7fc7f5df8000 ---p 0004e000 08:01 12583995                   /usr/lib/x86_64-linux-gnu/libpulse.so.0.20.2
7fc7f5df8000-7fc7f5dfb000 rw-p 0004d000 08:01 12583995                   /usr/lib/x86_64-linux-gnu/libpulse.so.0.20.2
7fc7f5dfb000-7fc7f6dfb000 rw-s 00000000 00:18 218                        /i915 (deleted)
7fc7f6ec2000-7fc7f6ec3000 r-xp 00000000 08:01 12976723                   /usr/lib/x86_64-linux-gnu/alsa-lib/libasound_module_conf_pulse.so
7fc7f6ec3000-7fc7f70c2000 ---p 00001000 08:01 12976723                   /usr/lib/x86_64-linux-gnu/alsa-lib/libasound_module_conf_pulse.so
7fc7f70c2000-7fc7f70c4000 rw-p 00000000 08:01 12976723                   /usr/lib/x86_64-linux-gnu/alsa-lib/libasound_module_conf_pulse.so
7fc7f70c4000-7fc7f71c3000 r-xp 00000000 08:01 12590220                   /usr/lib/x86_64-linux-gnu/libasound.so.2.0.0
7fc7f71c3000-7fc7f73c3000 ---p 000ff000 08:01 12590220                   /usr/lib/x86_64-linux-gnu/libasound.so.2.0.0
7fc7f73c3000-7fc7f73ca000 r--p 000ff000 08:01 12590220                   /usr/lib/x86_64-linux-gnu/libasound.so.2.0.0
7fc7f73ca000-7fc7f73cb000 rw-p 00106000 08:01 12590220                   /usr/lib/x86_64-linux-gnu/libasound.so.2.0.0
7fc7f73cb000-7fc7f73d3000 r-xp 00000000 08:01 1315610                    /lib/x86_64-linux-gnu/libwrap.so.0.7.6
7fc7f73d3000-7fc7f75d3000 ---p 00008000 08:01 1315610                    /lib/x86_64-linux-gnu/libwrap.so.0.7.6
7fc7f75d3000-7fc7f75d5000 rw-p 00008000 08:01 1315610                    /lib/x86_64-linux-gnu/libwrap.so.0.7.6
7fc7f75d5000-7fc7f7651000 r-xp 00000000 08:01 12976516                   /usr/lib/x86_64-linux-gnu/pulseaudio/libpulsecommon-11.1.so
7fc7f7651000-7fc7f7850000 ---p 0007c000 08:01 12976516                   /usr/lib/x86_64-linux-gnu/pulseaudio/libpulsecommon-11.1.so
7fc7f7850000-7fc7f7853000 rw-p 0007b000 08:01 12976516                   /usr/lib/x86_64-linux-gnu/pulseaudio/libpulsecommon-11.1.so
7fc7f78a3000-7fc7f78e3000 rw-p 00000000 00:00 0 
7fc7f78e3000-7fc7f7aa3000 ---p 00000000 00:00 0 
7fc7f7aa3000-7fc7f7af8000 r-xp 00000000 08:01 10752241                   /home/marvin/git/SnakePro/SnakePro/natives/natives-linux/libopenal64.so
7fc7f7af8000-7fc7f7cf7000 ---p 00055000 08:01 10752241                   /home/marvin/git/SnakePro/SnakePro/natives/natives-linux/libopenal64.so
7fc7f7cf7000-7fc7f7cfa000 r--p 00054000 08:01 10752241                   /home/marvin/git/SnakePro/SnakePro/natives/natives-linux/libopenal64.so
7fc7f7cfa000-7fc7f7cfb000 rw-p 00057000 08:01 10752241                   /home/marvin/git/SnakePro/SnakePro/natives/natives-linux/libopenal64.so
7fc7f7cfb000-7fc7f7cfc000 rw-p 00000000 00:00 0 
7fc7f7cfc000-7fc7f7dfc000 rw-s 00000000 00:18 228                        /i915 (deleted)
7fc7f7dfc000-7fc7f7dff000 r-xp 00000000 08:01 10752237                   /home/marvin/git/SnakePro/SnakePro/natives/natives-linux/libjinput-linux64.so
7fc7f7dff000-7fc7f7ffe000 ---p 00003000 08:01 10752237                   /home/marvin/git/SnakePro/SnakePro/natives/natives-linux/libjinput-linux64.so
7fc7f7ffe000-7fc7f7fff000 r--p 00002000 08:01 10752237                   /home/marvin/git/SnakePro/SnakePro/natives/natives-linux/libjinput-linux64.so
7fc7f7fff000-7fc7f8000000 rw-p 00003000 08:01 10752237                   /home/marvin/git/SnakePro/SnakePro/natives/natives-linux/libjinput-linux64.so
7fc7f8000000-7fc7f8021000 rw-p 00000000 00:00 0 
7fc7f8021000-7fc7fc000000 ---p 00000000 00:00 0 
7fc7fc000000-7fc7fc021000 rw-p 00000000 00:00 0 
7fc7fc021000-7fc800000000 ---p 00000000 00:00 0 
7fc80009c000-7fc8000c2000 r--p 00000000 08:01 12059204                   /etc/ld.so.cache
7fc8000c2000-7fc8002c2000 rw-p 00000000 00:00 0 
7fc8002c2000-7fc801b17000 rw-p 00000000 00:00 0 
7fc801b17000-7fc801b18000 ---p 00000000 00:00 0 
7fc801b18000-7fc802318000 rw-p 00000000 00:00 0 
7fc802318000-7fc802320000 r-xp 00000000 08:01 12592035                   /usr/lib/x86_64-linux-gnu/libpciaccess.so.0.11.1
7fc802320000-7fc80251f000 ---p 00008000 08:01 12592035                   /usr/lib/x86_64-linux-gnu/libpciaccess.so.0.11.1
7fc80251f000-7fc802520000 r--p 00007000 08:01 12592035                   /usr/lib/x86_64-linux-gnu/libpciaccess.so.0.11.1
7fc802520000-7fc802521000 rw-p 00008000 08:01 12592035                   /usr/lib/x86_64-linux-gnu/libpciaccess.so.0.11.1
7fc802521000-7fc802528000 r-xp 00000000 08:01 12585283                   /usr/lib/x86_64-linux-gnu/libdrm_nouveau.so.2.0.0
7fc802528000-7fc802727000 ---p 00007000 08:01 12585283                   /usr/lib/x86_64-linux-gnu/libdrm_nouveau.so.2.0.0
7fc802727000-7fc802728000 r--p 00006000 08:01 12585283                   /usr/lib/x86_64-linux-gnu/libdrm_nouveau.so.2.0.0
7fc802728000-7fc802729000 rw-p 00007000 08:01 12585283                   /usr/lib/x86_64-linux-gnu/libdrm_nouveau.so.2.0.0
7fc802729000-7fc802734000 r-xp 00000000 08:01 12585281                   /usr/lib/x86_64-linux-gnu/libdrm_radeon.so.1.0.1
7fc802734000-7fc802933000 ---p 0000b000 08:01 12585281                   /usr/lib/x86_64-linux-gnu/libdrm_radeon.so.1.0.1
7fc802933000-7fc802934000 r--p 0000a000 08:01 12585281                   /usr/lib/x86_64-linux-gnu/libdrm_radeon.so.1.0.1
7fc802934000-7fc802935000 rw-p 0000b000 08:01 12585281                   /usr/lib/x86_64-linux-gnu/libdrm_radeon.so.1.0.1
7fc802935000-7fc802957000 r-xp 00000000 08:01 12585396                   /usr/lib/x86_64-linux-gnu/libdrm_intel.so.1.0.0
7fc802957000-7fc802b56000 ---p 00022000 08:01 12585396                   /usr/lib/x86_64-linux-gnu/libdrm_intel.so.1.0.0
7fc802b56000-7fc802b57000 r--p 00021000 08:01 12585396                   /usr/lib/x86_64-linux-gnu/libdrm_intel.so.1.0.0
7fc802b57000-7fc802b58000 rw-p 00022000 08:01 12585396                   /usr/lib/x86_64-linux-gnu/libdrm_intel.so.1.0.0
7fc802b58000-7fc803645000 r-xp 00000000 08:01 12976928                   /usr/lib/x86_64-linux-gnu/dri/i965_dri.so
7fc803645000-7fc803845000 ---p 00aed000 08:01 12976928                   /usr/lib/x86_64-linux-gnu/dri/i965_dri.so
7fc803845000-7fc8038da000 r--p 00aed000 08:01 12976928                   /usr/lib/x86_64-linux-gnu/dri/i965_dri.so
7fc8038da000-7fc803921000 rw-p 00b82000 08:01 12976928                   /usr/lib/x86_64-linux-gnu/dri/i965_dri.so
7fc803921000-7fc8039f4000 rw-p 00000000 00:00 0 
7fc8039f4000-7fc8039f5000 r-xp 00000000 08:01 12592448                   /usr/lib/x86_64-linux-gnu/libxshmfence.so.1.0.0
7fc8039f5000-7fc803bf4000 ---p 00001000 08:01 12592448                   /usr/lib/x86_64-linux-gnu/libxshmfence.so.1.0.0
7fc803bf4000-7fc803bf5000 r--p 00000000 08:01 12592448                   /usr/lib/x86_64-linux-gnu/libxshmfence.so.1.0.0
7fc803bf5000-7fc803bf6000 rw-p 00001000 08:01 12592448                   /usr/lib/x86_64-linux-gnu/libxshmfence.so.1.0.0
7fc803bf6000-7fc803bfb000 r-xp 00000000 08:01 12588566                   /usr/lib/x86_64-linux-gnu/libxcb-sync.so.1.0.0
7fc803bfb000-7fc803dfb000 ---p 00005000 08:01 12588566                   /usr/lib/x86_64-linux-gnu/libxcb-sync.so.1.0.0
7fc803dfb000-7fc803dfc000 r--p 00005000 08:01 12588566                   /usr/lib/x86_64-linux-gnu/libxcb-sync.so.1.0.0
7fc803dfc000-7fc803dfd000 rw-p 00006000 08:01 12588566                   /usr/lib/x86_64-linux-gnu/libxcb-sync.so.1.0.0
7fc803dfd000-7fc803dff000 r-xp 00000000 08:01 12588564                   /usr/lib/x86_64-linux-gnu/libxcb-present.so.0.0.0
7fc803dff000-7fc803ffe000 ---p 00002000 08:01 12588564                   /usr/lib/x86_64-linux-gnu/libxcb-present.so.0.0.0
7fc803ffe000-7fc803fff000 r--p 00001000 08:01 12588564                   /usr/lib/x86_64-linux-gnu/libxcb-present.so.0.0.0
7fc803fff000-7fc804000000 rw-p 00002000 08:01 12588564                   /usr/lib/x86_64-linux-gnu/libxcb-present.so.0.0.0
7fc804000000-7fc804021000 rw-p 00000000 00:00 0 
7fc804021000-7fc808000000 ---p 00000000 00:00 0 
7fc808000000-7fc808021000 rw-p 00000000 00:00 0 
7fc808021000-7fc80c000000 ---p 00000000 00:00 0 
7fc80c000000-7fc80c021000 rw-p 00000000 00:00 0 
7fc80c021000-7fc810000000 ---p 00000000 00:00 0 
7fc810000000-7fc810021000 rw-p 00000000 00:00 0 
7fc810021000-7fc814000000 ---p 00000000 00:00 0 
7fc814000000-7fc8160a9000 rw-p 00000000 00:00 0 
7fc8160a9000-7fc818000000 ---p 00000000 00:00 0 
7fc818000000-7fc818fbc000 rw-p 00000000 00:00 0 
7fc818fbc000-7fc81c000000 ---p 00000000 00:00 0 
7fc81c000000-7fc81c021000 rw-p 00000000 00:00 0 
7fc81c021000-7fc820000000 ---p 00000000 00:00 0 
7fc820000000-7fc820b6e000 rw-p 00000000 00:00 0 
7fc820b6e000-7fc824000000 ---p 00000000 00:00 0 
7fc824000000-7fc824021000 rw-p 00000000 00:00 0 
7fc824021000-7fc828000000 ---p 00000000 00:00 0 
7fc828000000-7fc828021000 rw-p 00000000 00:00 0 
7fc828021000-7fc82c000000 ---p 00000000 00:00 0 
7fc82c000000-7fc82c021000 rw-p 00000000 00:00 0 
7fc82c021000-7fc830000000 ---p 00000000 00:00 0 
7fc830000000-7fc830021000 rw-p 00000000 00:00 0 
7fc830021000-7fc834000000 ---p 00000000 00:00 0 
7fc834000000-7fc834021000 rw-p 00000000 00:00 0 
7fc834021000-7fc838000000 ---p 00000000 00:00 0 
7fc838010000-7fc83801b000 r--s 00000000 08:01 12720309                   /var/cache/fontconfig/945677eb7aeaf62f1d50efc3fb3ec7d8-le64.cache-7
7fc83801b000-7fc83815c000 rw-s 00000000 08:01 10223717                   /home/marvin/.cache/mesa_shader_cache/index
7fc83815c000-7fc83815f000 r-xp 00000000 08:01 12588560                   /usr/lib/x86_64-linux-gnu/libxcb-dri3.so.0.0.0
7fc83815f000-7fc83835e000 ---p 00003000 08:01 12588560                   /usr/lib/x86_64-linux-gnu/libxcb-dri3.so.0.0.0
7fc83835e000-7fc83835f000 r--p 00002000 08:01 12588560                   /usr/lib/x86_64-linux-gnu/libxcb-dri3.so.0.0.0
7fc83835f000-7fc838360000 rw-p 00003000 08:01 12588560                   /usr/lib/x86_64-linux-gnu/libxcb-dri3.so.0.0.0
7fc838360000-7fc840000000 rw-p 00000000 00:00 0 
7fc840000000-7fc840021000 rw-p 00000000 00:00 0 
7fc840021000-7fc844000000 ---p 00000000 00:00 0 
7fc844000000-7fc844021000 rw-p 00000000 00:00 0 
7fc844021000-7fc848000000 ---p 00000000 00:00 0 
7fc848000000-7fc848021000 rw-p 00000000 00:00 0 
7fc848021000-7fc84c000000 ---p 00000000 00:00 0 
7fc84c004000-7fc84c006000 r--s 00000000 08:01 12720311                   /var/cache/fontconfig/99e8ed0e538f840c565b6ed5dad60d56-le64.cache-7
7fc84c006000-7fc84c00b000 r--s 00000000 08:01 12720278                   /var/cache/fontconfig/2300eef321c393bfd76478a5c0e95b23-le64.cache-7
7fc84c00b000-7fc84c00c000 r--s 00000000 08:01 12720272                   /var/cache/fontconfig/0d8c3b2ac0904cb8a57a757ad11a4a08-le64.cache-7
7fc84c00c000-7fc84c021000 r--s 00000000 08:01 12720269                   /var/cache/fontconfig/04aabc0a78ac019cf9454389977116d2-le64.cache-7
7fc84c021000-7fc84c022000 r--s 00000000 08:01 12720276                   /var/cache/fontconfig/1ac9eb803944fde146138c791f5cc56a-le64.cache-7
7fc84c022000-7fc84c026000 r--s 00000000 08:01 12720284                   /var/cache/fontconfig/385c0604a188198f04d133e54aba7fe7-le64.cache-7
7fc84c026000-7fc84c027000 r--s 00000000 08:01 12720330                   /var/cache/fontconfig/dc05db6664285cc2f12bf69c139ae4c3-le64.cache-7
7fc84c027000-7fc84c029000 r--s 00000000 08:01 12720273                   /var/cache/fontconfig/14a5e22175779b556eaa434240950366-le64.cache-7
7fc84c029000-7fc84c02b000 r--s 00000000 08:01 12720291                   /var/cache/fontconfig/4f3e3037c9980c83b53a9351efadef62-le64.cache-7
7fc84c02b000-7fc84c077000 r--s 00000000 08:01 12720270                   /var/cache/fontconfig/0bd3dc0958fa2205aaaa8ebb13e2872b-le64.cache-7
7fc84c077000-7fc84c0b2000 r--s 00000000 08:01 12721288                   /var/cache/fontconfig/365b55f210c0a22e9a19e35191240f32-le64.cache-7
7fc84c0b2000-7fc84c0e1000 r-xp 00000000 08:01 1323004                    /lib/x86_64-linux-gnu/libexpat.so.1.6.7
7fc84c0e1000-7fc84c2e1000 ---p 0002f000 08:01 1323004                    /lib/x86_64-linux-gnu/libexpat.so.1.6.7
7fc84c2e1000-7fc84c2e3000 r--p 0002f000 08:01 1323004                    /lib/x86_64-linux-gnu/libexpat.so.1.6.7
7fc84c2e3000-7fc84c2e4000 rw-p 00031000 08:01 1323004                    /lib/x86_64-linux-gnu/libexpat.so.1.6.7
7fc84c2e4000-7fc84c2e6000 r-xp 00000000 08:01 12591044                   /usr/lib/x86_64-linux-gnu/libXdamage.so.1.1.0
7fc84c2e6000-7fc84c4e5000 ---p 00002000 08:01 12591044                   /usr/lib/x86_64-linux-gnu/libXdamage.so.1.1.0
7fc84c4e5000-7fc84c4e6000 r--p 00001000 08:01 12591044                   /usr/lib/x86_64-linux-gnu/libXdamage.so.1.1.0
7fc84c4e6000-7fc84c4e7000 rw-p 00002000 08:01 12591044                   /usr/lib/x86_64-linux-gnu/libXdamage.so.1.1.0
7fc84c4e7000-7fc84c4eb000 r-xp 00000000 08:01 12584834                   /usr/lib/x86_64-linux-gnu/libxcb-dri2.so.0.0.0
7fc84c4eb000-7fc84c6ea000 ---p 00004000 08:01 12584834                   /usr/lib/x86_64-linux-gnu/libxcb-dri2.so.0.0.0
7fc84c6ea000-7fc84c6eb000 r--p 00003000 08:01 12584834                   /usr/lib/x86_64-linux-gnu/libxcb-dri2.so.0.0.0
7fc84c6eb000-7fc84c6ec000 rw-p 00004000 08:01 12584834                   /usr/lib/x86_64-linux-gnu/libxcb-dri2.so.0.0.0
7fc84c6ec000-7fc84c6ed000 r-xp 00000000 08:01 12584491                   /usr/lib/x86_64-linux-gnu/libX11-xcb.so.1.0.0
7fc84c6ed000-7fc84c8ec000 ---p 00001000 08:01 12584491                   /usr/lib/x86_64-linux-gnu/libX11-xcb.so.1.0.0
7fc84c8ec000-7fc84c8ed000 r--p 00000000 08:01 12584491                   /usr/lib/x86_64-linux-gnu/libX11-xcb.so.1.0.0
7fc84c8ed000-7fc84c8ee000 rw-p 00001000 08:01 12584491                   /usr/lib/x86_64-linux-gnu/libX11-xcb.so.1.0.0
7fc84c8ee000-7fc84c906000 r-xp 00000000 08:01 12588562                   /usr/lib/x86_64-linux-gnu/libxcb-glx.so.0.0.0
7fc84c906000-7fc84cb06000 ---p 00018000 08:01 12588562                   /usr/lib/x86_64-linux-gnu/libxcb-glx.so.0.0.0
7fc84cb06000-7fc84cb08000 r--p 00018000 08:01 12588562                   /usr/lib/x86_64-linux-gnu/libxcb-glx.so.0.0.0
7fc84cb08000-7fc84cb09000 rw-p 0001a000 08:01 12588562                   /usr/lib/x86_64-linux-gnu/libxcb-glx.so.0.0.0
7fc84cb09000-7fc84cb19000 r-xp 00000000 08:01 12586792                   /usr/lib/x86_64-linux-gnu/libdrm.so.2.4.0
7fc84cb19000-7fc84cd18000 ---p 00010000 08:01 12586792                   /usr/lib/x86_64-linux-gnu/libdrm.so.2.4.0
7fc84cd18000-7fc84cd19000 r--p 0000f000 08:01 12586792                   /usr/lib/x86_64-linux-gnu/libdrm.so.2.4.0
7fc84cd19000-7fc84cd1a000 rw-p 00010000 08:01 12586792                   /usr/lib/x86_64-linux-gnu/libdrm.so.2.4.0
7fc84cd1a000-7fc84cd49000 r-xp 00000000 08:01 12586234                   /usr/lib/x86_64-linux-gnu/libglapi.so.0.0.0
7fc84cd49000-7fc84cf49000 ---p 0002f000 08:01 12586234                   /usr/lib/x86_64-linux-gnu/libglapi.so.0.0.0
7fc84cf49000-7fc84cf4d000 r--p 0002f000 08:01 12586234                   /usr/lib/x86_64-linux-gnu/libglapi.so.0.0.0
7fc84cf4d000-7fc84cf4e000 rw-p 00033000 08:01 12586234                   /usr/lib/x86_64-linux-gnu/libglapi.so.0.0.0
7fc84cf4e000-7fc84cf4f000 rw-p 00000000 00:00 0 
7fc84cf4f000-7fc84cfc2000 r-xp 00000000 08:01 12586231                   /usr/lib/x86_64-linux-gnu/libGLX_mesa.so.0.0.0
7fc84cfc2000-7fc84d1c2000 ---p 00073000 08:01 12586231                   /usr/lib/x86_64-linux-gnu/libGLX_mesa.so.0.0.0
7fc84d1c2000-7fc84d1c5000 r--p 00073000 08:01 12586231                   /usr/lib/x86_64-linux-gnu/libGLX_mesa.so.0.0.0
7fc84d1c5000-7fc84d1c6000 rw-p 00076000 08:01 12586231                   /usr/lib/x86_64-linux-gnu/libGLX_mesa.so.0.0.0
7fc84d1c6000-7fc84d1c7000 rw-p 00000000 00:00 0 
7fc84d1c7000-7fc84d1c8000 r--s 00000000 08:01 12720300                   /var/cache/fontconfig/660208299946a285a940457d1287da33-le64.cache-7
7fc84d1c8000-7fc84d1ca000 r--s 00000000 08:01 12720305                   /var/cache/fontconfig/767a8244fc0220cfb567a839d0392e0b-le64.cache-7
7fc84d1ca000-7fc84d1cb000 r--s 00000000 08:01 12714521                   /var/cache/fontconfig/4794a0821666d79190d59a36cb4f44b5-le64.cache-7
7fc84d1cb000-7fc84d1d2000 r--s 00000000 08:01 12720308                   /var/cache/fontconfig/8801497958630a81b71ace7c5f9b32a8-le64.cache-7
7fc84d1d2000-7fc84d1d7000 r--s 00000000 08:01 12720331                   /var/cache/fontconfig/def309198bfa603429122923fa2bb2d4-le64.cache-7
7fc84d1d7000-7fc84d1d8000 r--s 00000000 08:01 12720318                   /var/cache/fontconfig/b872e6e592da6075ffa4ab0a1fcc0c75-le64.cache-7
7fc84d1d8000-7fc84d1d9000 r--s 00000000 08:01 12720336                   /var/cache/fontconfig/f6d4eedfaab2589bde49f7a3ff831d22-le64.cache-7
7fc84d1d9000-7fc84d1da000 r--s 00000000 08:01 12720298                   /var/cache/fontconfig/589f83ef4c36d296ce6e1c846f468f08-le64.cache-7
7fc84d1da000-7fc84d1db000 r--s 00000000 08:01 12720320                   /var/cache/fontconfig/bab58bb527bb656aaa9f116d68a48d89-le64.cache-7
7fc84d1db000-7fc84d1dc000 r--s 00000000 08:01 12720277                   /var/cache/fontconfig/2171a34dccabdb6bcbbc728186263178-le64.cache-7
7fc84d1dc000-7fc84d1dd000 r--s 00000000 08:01 12720321                   /var/cache/fontconfig/c5c45a61289222e0d30b1a26ef4effbe-le64.cache-7
7fc84d1dd000-7fc84d1de000 r--s 00000000 08:01 12720316                   /var/cache/fontconfig/aec30016f93e1b46d1a973dce0d74068-le64.cache-7
7fc84d1de000-7fc84d1df000 r--s 00000000 08:01 12720285                   /var/cache/fontconfig/3f589640d34b7dc9042c8d453f7c8b9c-le64.cache-7
7fc84d1df000-7fc84d1f2000 r--s 00000000 08:01 12720327                   /var/cache/fontconfig/d52a8644073d54c13679302ca1180695-le64.cache-7
7fc84d1f2000-7fc84d1f5000 ---p 00000000 00:00 0 
7fc84d1f5000-7fc84d5f8000 rw-p 00000000 00:00 0 
7fc84d5f8000-7fc84d666000 r-xp 00000000 08:01 12588609                   /usr/lib/x86_64-linux-gnu/libGLdispatch.so.0.0.0
7fc84d666000-7fc84d865000 ---p 0006e000 08:01 12588609                   /usr/lib/x86_64-linux-gnu/libGLdispatch.so.0.0.0
7fc84d865000-7fc84d88d000 r--p 0006d000 08:01 12588609                   /usr/lib/x86_64-linux-gnu/libGLdispatch.so.0.0.0
7fc84d88d000-7fc84d88e000 rw-p 00095000 08:01 12588609                   /usr/lib/x86_64-linux-gnu/libGLdispatch.so.0.0.0
7fc84d88e000-7fc84d8ae000 rw-p 00000000 00:00 0 
7fc84d8ae000-7fc84d8be000 r-xp 00000000 08:01 12588603                   /usr/lib/x86_64-linux-gnu/libGLX.so.0.0.0
7fc84d8be000-7fc84dabd000 ---p 00010000 08:01 12588603                   /usr/lib/x86_64-linux-gnu/libGLX.so.0.0.0
7fc84dabd000-7fc84dabe000 r--p 0000f000 08:01 12588603                   /usr/lib/x86_64-linux-gnu/libGLX.so.0.0.0
7fc84dabe000-7fc84dabf000 rw-p 00010000 08:01 12588603                   /usr/lib/x86_64-linux-gnu/libGLX.so.0.0.0
7fc84dabf000-7fc84dadf000 rw-p 00000000 00:00 0 
7fc84dadf000-7fc84db50000 r-xp 00000000 08:01 12583105                   /usr/lib/x86_64-linux-gnu/libGL.so.1.0.0
7fc84db50000-7fc84dd4f000 ---p 00071000 08:01 12583105                   /usr/lib/x86_64-linux-gnu/libGL.so.1.0.0
7fc84dd4f000-7fc84dd69000 r--p 00070000 08:01 12583105                   /usr/lib/x86_64-linux-gnu/libGL.so.1.0.0
7fc84dd69000-7fc84dd6a000 rw-p 0008a000 08:01 12583105                   /usr/lib/x86_64-linux-gnu/libGL.so.1.0.0
7fc84dd6a000-7fc84dd6b000 rw-p 00000000 00:00 0 
7fc84dd6b000-7fc84dd70000 r-xp 00000000 08:01 12591086                   /usr/lib/x86_64-linux-gnu/libXxf86vm.so.1.0.0
7fc84dd70000-7fc84df6f000 ---p 00005000 08:01 12591086                   /usr/lib/x86_64-linux-gnu/libXxf86vm.so.1.0.0
7fc84df6f000-7fc84df70000 r--p 00004000 08:01 12591086                   /usr/lib/x86_64-linux-gnu/libXxf86vm.so.1.0.0
7fc84df70000-7fc84df71000 rw-p 00005000 08:01 12591086                   /usr/lib/x86_64-linux-gnu/libXxf86vm.so.1.0.0
7fc84df71000-7fc84df7b000 r-xp 00000000 08:01 12591068                   /usr/lib/x86_64-linux-gnu/libXrandr.so.2.2.0
7fc84df7b000-7fc84e17a000 ---p 0000a000 08:01 12591068                   /usr/lib/x86_64-linux-gnu/libXrandr.so.2.2.0
7fc84e17a000-7fc84e17b000 r--p 00009000 08:01 12591068                   /usr/lib/x86_64-linux-gnu/libXrandr.so.2.2.0
7fc84e17b000-7fc84e17c000 rw-p 0000a000 08:01 12591068                   /usr/lib/x86_64-linux-gnu/libXrandr.so.2.2.0
7fc84e17c000-7fc84e1ec000 r-xp 00000000 08:01 10752239                   /home/marvin/git/SnakePro/SnakePro/natives/natives-linux/liblwjgl64.so
7fc84e1ec000-7fc84e3ec000 ---p 00070000 08:01 10752239                   /home/marvin/git/SnakePro/SnakePro/natives/natives-linux/liblwjgl64.so
7fc84e3ec000-7fc84e3ee000 r--p 00070000 08:01 10752239                   /home/marvin/git/SnakePro/SnakePro/natives/natives-linux/liblwjgl64.so
7fc84e3ee000-7fc84e3ef000 rw-p 00072000 08:01 10752239                   /home/marvin/git/SnakePro/SnakePro/natives/natives-linux/liblwjgl64.so
7fc84e3ef000-7fc84e3f0000 r-xp 00000000 08:01 12588448                   /usr/lib/jvm/java-8-openjdk-amd64/jre/lib/amd64/libjawt.so
7fc84e3f0000-7fc84e5ef000 ---p 00001000 08:01 12588448                   /usr/lib/jvm/java-8-openjdk-amd64/jre/lib/amd64/libjawt.so
7fc84e5ef000-7fc84e5f0000 r--p 00000000 08:01 12588448                   /usr/lib/jvm/java-8-openjdk-amd64/jre/lib/amd64/libjawt.so
7fc84e5f0000-7fc84e5f1000 rw-p 00001000 08:01 12588448                   /usr/lib/jvm/java-8-openjdk-amd64/jre/lib/amd64/libjawt.so
7fc84e5f1000-7fc84e5fa000 r-xp 00000000 08:01 12588453                   /usr/lib/jvm/java-8-openjdk-amd64/jre/lib/amd64/libmanagement.so
7fc84e5fa000-7fc84e7f9000 ---p 00009000 08:01 12588453                   /usr/lib/jvm/java-8-openjdk-amd64/jre/lib/amd64/libmanagement.so
7fc84e7f9000-7fc84e7fa000 r--p 00008000 08:01 12588453                   /usr/lib/jvm/java-8-openjdk-amd64/jre/lib/amd64/libmanagement.so
7fc84e7fa000-7fc84e7fb000 rw-p 00009000 08:01 12588453                   /usr/lib/jvm/java-8-openjdk-amd64/jre/lib/amd64/libmanagement.so
7fc84e7fb000-7fc84e80f000 r-xp 00000000 08:01 1315479                    /lib/x86_64-linux-gnu/libgpg-error.so.0.22.0
7fc84e80f000-7fc84ea0e000 ---p 00014000 08:01 1315479                    /lib/x86_64-linux-gnu/libgpg-error.so.0.22.0
7fc84ea0e000-7fc84ea0f000 r--p 00013000 08:01 1315479                    /lib/x86_64-linux-gnu/libgpg-error.so.0.22.0
7fc84ea0f000-7fc84ea10000 rw-p 00014000 08:01 1315479                    /lib/x86_64-linux-gnu/libgpg-error.so.0.22.0
7fc84ea10000-7fc84eb24000 r-xp 00000000 08:01 1322212                    /lib/x86_64-linux-gnu/libgcrypt.so.20.2.1
7fc84eb24000-7fc84ed24000 ---p 00114000 08:01 1322212                    /lib/x86_64-linux-gnu/libgcrypt.so.20.2.1
7fc84ed24000-7fc84ed26000 r--p 00114000 08:01 1322212                    /lib/x86_64-linux-gnu/libgcrypt.so.20.2.1
7fc84ed26000-7fc84ed2b000 rw-p 00116000 08:01 1322212                    /lib/x86_64-linux-gnu/libgcrypt.so.20.2.1
7fc84ed2b000-7fc84ed2c000 rw-p 00000000 00:00 0 
7fc84ed2c000-7fc84ed47000 r-xp 00000000 08:01 12591846                   /usr/lib/x86_64-linux-gnu/liblz4.so.1.7.1
7fc84ed47000-7fc84ef46000 ---p 0001b000 08:01 12591846                   /usr/lib/x86_64-linux-gnu/liblz4.so.1.7.1
7fc84ef46000-7fc84ef47000 r--p 0001a000 08:01 12591846                   /usr/lib/x86_64-linux-gnu/liblz4.so.1.7.1
7fc84ef47000-7fc84ef48000 rw-p 0001b000 08:01 12591846                   /usr/lib/x86_64-linux-gnu/liblz4.so.1.7.1
7fc84ef48000-7fc84ef6c000 r-xp 00000000 08:01 1315498                    /lib/x86_64-linux-gnu/liblzma.so.5.2.2
7fc84ef6c000-7fc84f16c000 ---p 00024000 08:01 1315498                    /lib/x86_64-linux-gnu/liblzma.so.5.2.2
7fc84f16c000-7fc84f16d000 r--p 00024000 08:01 1315498                    /lib/x86_64-linux-gnu/liblzma.so.5.2.2
7fc84f16d000-7fc84f16e000 rw-p 00025000 08:01 1315498                    /lib/x86_64-linux-gnu/liblzma.so.5.2.2
7fc84f16e000-7fc84f1ee000 r-xp 00000000 08:01 1312368                    /lib/x86_64-linux-gnu/libsystemd.so.0.21.0
7fc84f1ee000-7fc84f3ed000 ---p 00080000 08:01 1312368                    /lib/x86_64-linux-gnu/libsystemd.so.0.21.0
7fc84f3ed000-7fc84f3f0000 r--p 0007f000 08:01 1312368                    /lib/x86_64-linux-gnu/libsystemd.so.0.21.0
7fc84f3f0000-7fc84f3f1000 rw-p 00082000 08:01 1312368                    /lib/x86_64-linux-gnu/libsystemd.so.0.21.0
7fc84f3f1000-7fc84f3f2000 rw-p 00000000 00:00 0 
7fc84f3f2000-7fc84f462000 r-xp 00000000 08:01 1315560                    /lib/x86_64-linux-gnu/libpcre.so.3.13.3
7fc84f462000-7fc84f662000 ---p 00070000 08:01 1315560                    /lib/x86_64-linux-gnu/libpcre.so.3.13.3
7fc84f662000-7fc84f663000 r--p 00070000 08:01 1315560                    /lib/x86_64-linux-gnu/libpcre.so.3.13.3
7fc84f663000-7fc84f664000 rw-p 00071000 08:01 1315560                    /lib/x86_64-linux-gnu/libpcre.so.3.13.3
7fc84f664000-7fc84f66b000 r-xp 00000000 08:01 12591444                   /usr/lib/x86_64-linux-gnu/libffi.so.6.0.4
7fc84f66b000-7fc84f86a000 ---p 00007000 08:01 12591444                   /usr/lib/x86_64-linux-gnu/libffi.so.6.0.4
7fc84f86a000-7fc84f86b000 r--p 00006000 08:01 12591444                   /usr/lib/x86_64-linux-gnu/libffi.so.6.0.4
7fc84f86b000-7fc84f86c000 rw-p 00007000 08:01 12591444                   /usr/lib/x86_64-linux-gnu/libffi.so.6.0.4
7fc84f86c000-7fc84f898000 r-xp 00000000 08:01 12591137                   /usr/lib/x86_64-linux-gnu/libatspi.so.0.0.1
7fc84f898000-7fc84fa98000 ---p 0002c000 08:01 12591137                   /usr/lib/x86_64-linux-gnu/libatspi.so.0.0.1
7fc84fa98000-7fc84fa9b000 r--p 0002c000 08:01 12591137                   /usr/lib/x86_64-linux-gnu/libatspi.so.0.0.1
7fc84fa9b000-7fc84fa9c000 rw-p 0002f000 08:01 12591137                   /usr/lib/x86_64-linux-gnu/libatspi.so.0.0.1
7fc84fa9c000-7fc84fae7000 r-xp 00000000 08:01 1315340                    /lib/x86_64-linux-gnu/libdbus-1.so.3.19.4
7fc84fae7000-7fc84fce7000 ---p 0004b000 08:01 1315340                    /lib/x86_64-linux-gnu/libdbus-1.so.3.19.4
7fc84fce7000-7fc84fce8000 r--p 0004b000 08:01 1315340                    /lib/x86_64-linux-gnu/libdbus-1.so.3.19.4
7fc84fce8000-7fc84fce9000 rw-p 0004c000 08:01 1315340                    /lib/x86_64-linux-gnu/libdbus-1.so.3.19.4
7fc84fce9000-7fc84fdfd000 r-xp 00000000 08:01 12590449                   /usr/lib/x86_64-linux-gnu/libglib-2.0.so.0.5600.4
7fc84fdfd000-7fc84fffd000 ---p 00114000 08:01 12590449                   /usr/lib/x86_64-linux-gnu/libglib-2.0.so.0.5600.4
7fc84fffd000-7fc84fffe000 r--p 00114000 08:01 12590449                   /usr/lib/x86_64-linux-gnu/libglib-2.0.so.0.5600.4
7fc84fffe000-7fc84ffff000 rw-p 00115000 08:01 12590449                   /usr/lib/x86_64-linux-gnu/libglib-2.0.so.0.5600.4
7fc84ffff000-7fc850000000 rw-p 00000000 00:00 0 
7fc850000000-7fc850021000 rw-p 00000000 00:00 0 
7fc850021000-7fc854000000 ---p 00000000 00:00 0 
7fc854000000-7fc854001000 r--s 00000000 08:01 12720274                   /var/cache/fontconfig/16c2fda60d1b4b719f4b3d06fd951d25-le64.cache-7
7fc854001000-7fc854002000 r--s 00000000 08:01 12720315                   /var/cache/fontconfig/a48eab177a16e4f3713381162db2f3e9-le64.cache-7
7fc854002000-7fc854003000 r--s 00000000 08:01 12720294                   /var/cache/fontconfig/564b2e68ac9bc4e36a6f7f6d6125ec1c-le64.cache-7
7fc854003000-7fc854008000 r--s 00000000 08:01 12714410                   /var/cache/fontconfig/9d2451b1fd30e5bffe8383fd27c35478-le64.cache-7
7fc854008000-7fc85400e000 r--s 00000000 08:01 12720279                   /var/cache/fontconfig/3047814df9a2f067bd2d96a2b9c36e5a-le64.cache-7
7fc85400e000-7fc854060000 r-xp 00000000 08:01 12590453                   /usr/lib/x86_64-linux-gnu/libgobject-2.0.so.0.5600.4
7fc854060000-7fc854260000 ---p 00052000 08:01 12590453                   /usr/lib/x86_64-linux-gnu/libgobject-2.0.so.0.5600.4
7fc854260000-7fc854261000 r--p 00052000 08:01 12590453                   /usr/lib/x86_64-linux-gnu/libgobject-2.0.so.0.5600.4
7fc854261000-7fc854262000 rw-p 00053000 08:01 12590453                   /usr/lib/x86_64-linux-gnu/libgobject-2.0.so.0.5600.4
7fc854262000-7fc854290000 r-xp 00000000 08:01 12591131                   /usr/lib/x86_64-linux-gnu/libatk-bridge-2.0.so.0.0.0
7fc854290000-7fc854490000 ---p 0002e000 08:01 12591131                   /usr/lib/x86_64-linux-gnu/libatk-bridge-2.0.so.0.0.0
7fc854490000-7fc854491000 r--p 0002e000 08:01 12591131                   /usr/lib/x86_64-linux-gnu/libatk-bridge-2.0.so.0.0.0
7fc854491000-7fc854492000 rw-p 0002f000 08:01 12591131                   /usr/lib/x86_64-linux-gnu/libatk-bridge-2.0.so.0.0.0
7fc854492000-7fc854493000 rw-p 00000000 00:00 0 
7fc854493000-7fc8544b5000 r-xp 00000000 08:01 12591129                   /usr/lib/x86_64-linux-gnu/libatk-1.0.so.0.22810.1
7fc8544b5000-7fc8546b5000 ---p 00022000 08:01 12591129                   /usr/lib/x86_64-linux-gnu/libatk-1.0.so.0.22810.1
7fc8546b5000-7fc8546b8000 r--p 00022000 08:01 12591129                   /usr/lib/x86_64-linux-gnu/libatk-1.0.so.0.22810.1
7fc8546b8000-7fc8546b9000 rw-p 00025000 08:01 12591129                   /usr/lib/x86_64-linux-gnu/libatk-1.0.so.0.22810.1
7fc8546b9000-7fc8546d0000 r-xp 00000000 08:01 12986287                   /usr/lib/x86_64-linux-gnu/jni/libatk-wrapper.so.6.0.0
7fc8546d0000-7fc8548d0000 ---p 00017000 08:01 12986287                   /usr/lib/x86_64-linux-gnu/jni/libatk-wrapper.so.6.0.0
7fc8548d0000-7fc8548d1000 r--p 00017000 08:01 12986287                   /usr/lib/x86_64-linux-gnu/jni/libatk-wrapper.so.6.0.0
7fc8548d1000-7fc8548d2000 rw-p 00018000 08:01 12986287                   /usr/lib/x86_64-linux-gnu/jni/libatk-wrapper.so.6.0.0
7fc8548d2000-7fc8548d5000 ---p 00000000 00:00 0 
7fc8548d5000-7fc85490b000 rw-p 00000000 00:00 0 
7fc85490b000-7fc85490e000 ---p 00000000 00:00 0 
7fc85490e000-7fc854c0c000 rw-p 00000000 00:00 0 
7fc854c0c000-7fc854c11000 r-xp 00000000 08:01 12591050                   /usr/lib/x86_64-linux-gnu/libXfixes.so.3.1.0
7fc854c11000-7fc854e10000 ---p 00005000 08:01 12591050                   /usr/lib/x86_64-linux-gnu/libXfixes.so.3.1.0
7fc854e10000-7fc854e11000 r--p 00004000 08:01 12591050                   /usr/lib/x86_64-linux-gnu/libXfixes.so.3.1.0
7fc854e11000-7fc854e12000 rw-p 00005000 08:01 12591050                   /usr/lib/x86_64-linux-gnu/libXfixes.so.3.1.0
7fc854e12000-7fc854e1b000 r-xp 00000000 08:01 12591042                   /usr/lib/x86_64-linux-gnu/libXcursor.so.1.0.2
7fc854e1b000-7fc85501a000 ---p 00009000 08:01 12591042                   /usr/lib/x86_64-linux-gnu/libXcursor.so.1.0.2
7fc85501a000-7fc85501b000 r--p 00008000 08:01 12591042                   /usr/lib/x86_64-linux-gnu/libXcursor.so.1.0.2
7fc85501b000-7fc85501c000 rw-p 00009000 08:01 12591042                   /usr/lib/x86_64-linux-gnu/libXcursor.so.1.0.2
7fc85501c000-7fc85504d000 r-xp 00000000 08:01 12590465                   /usr/lib/x86_64-linux-gnu/libpng16.so.16.34.0
7fc85504d000-7fc85524c000 ---p 00031000 08:01 12590465                   /usr/lib/x86_64-linux-gnu/libpng16.so.16.34.0
7fc85524c000-7fc85524d000 r--p 00030000 08:01 12590465                   /usr/lib/x86_64-linux-gnu/libpng16.so.16.34.0
7fc85524d000-7fc85524e000 rw-p 00031000 08:01 12590465                   /usr/lib/x86_64-linux-gnu/libpng16.so.16.34.0
7fc85524e000-7fc8552fb000 r-xp 00000000 08:01 12591474                   /usr/lib/x86_64-linux-gnu/libfreetype.so.6.15.0
7fc8552fb000-7fc8554fa000 ---p 000ad000 08:01 12591474                   /usr/lib/x86_64-linux-gnu/libfreetype.so.6.15.0
7fc8554fa000-7fc855501000 r--p 000ac000 08:01 12591474                   /usr/lib/x86_64-linux-gnu/libfreetype.so.6.15.0
7fc855501000-7fc855502000 rw-p 000b3000 08:01 12591474                   /usr/lib/x86_64-linux-gnu/libfreetype.so.6.15.0
7fc855502000-7fc855552000 r-xp 00000000 08:01 12588437                   /usr/lib/jvm/java-8-openjdk-amd64/jre/lib/amd64/libfontmanager.so
7fc855552000-7fc855752000 ---p 00050000 08:01 12588437                   /usr/lib/jvm/java-8-openjdk-amd64/jre/lib/amd64/libfontmanager.so
7fc855752000-7fc855754000 r--p 00050000 08:01 12588437                   /usr/lib/jvm/java-8-openjdk-amd64/jre/lib/amd64/libfontmanager.so
7fc855754000-7fc855755000 rw-p 00052000 08:01 12588437                   /usr/lib/jvm/java-8-openjdk-amd64/jre/lib/amd64/libfontmanager.so
7fc855755000-7fc855768000 r-xp 00000000 08:01 1315476                    /lib/x86_64-linux-gnu/libbsd.so.0.8.7
7fc855768000-7fc855967000 ---p 00013000 08:01 1315476                    /lib/x86_64-linux-gnu/libbsd.so.0.8.7
7fc855967000-7fc855968000 r--p 00012000 08:01 1315476                    /lib/x86_64-linux-gnu/libbsd.so.0.8.7
7fc855968000-7fc855969000 rw-p 00013000 08:01 1315476                    /lib/x86_64-linux-gnu/libbsd.so.0.8.7
7fc855969000-7fc85596a000 rw-p 00000000 00:00 0 
7fc85596a000-7fc85596f000 r-xp 00000000 08:01 12591046                   /usr/lib/x86_64-linux-gnu/libXdmcp.so.6.0.0
7fc85596f000-7fc855b6e000 ---p 00005000 08:01 12591046                   /usr/lib/x86_64-linux-gnu/libXdmcp.so.6.0.0
7fc855b6e000-7fc855b6f000 r--p 00004000 08:01 12591046                   /usr/lib/x86_64-linux-gnu/libXdmcp.so.6.0.0
7fc855b6f000-7fc855b70000 rw-p 00005000 08:01 12591046                   /usr/lib/x86_64-linux-gnu/libXdmcp.so.6.0.0
7fc855b70000-7fc855b72000 r-xp 00000000 08:01 12591035                   /usr/lib/x86_64-linux-gnu/libXau.so.6.0.0
7fc855b72000-7fc855d72000 ---p 00002000 08:01 12591035                   /usr/lib/x86_64-linux-gnu/libXau.so.6.0.0
7fc855d72000-7fc855d73000 r--p 00002000 08:01 12591035                   /usr/lib/x86_64-linux-gnu/libXau.so.6.0.0
7fc855d73000-7fc855d74000 rw-p 00003000 08:01 12591035                   /usr/lib/x86_64-linux-gnu/libXau.so.6.0.0
7fc855d74000-7fc855d9a000 r-xp 00000000 08:01 12583167                   /usr/lib/x86_64-linux-gnu/libxcb.so.1.1.0
7fc855d9a000-7fc855f9a000 ---p 00026000 08:01 12583167                   /usr/lib/x86_64-linux-gnu/libxcb.so.1.1.0
7fc855f9a000-7fc855f9b000 r--p 00026000 08:01 12583167                   /usr/lib/x86_64-linux-gnu/libxcb.so.1.1.0
7fc855f9b000-7fc855f9c000 rw-p 00027000 08:01 12583167                   /usr/lib/x86_64-linux-gnu/libxcb.so.1.1.0
7fc855f9c000-7fc855fab000 r-xp 00000000 08:01 12591056                   /usr/lib/x86_64-linux-gnu/libXi.so.6.1.0
7fc855fab000-7fc8561aa000 ---p 0000f000 08:01 12591056                   /usr/lib/x86_64-linux-gnu/libXi.so.6.1.0
7fc8561aa000-7fc8561ab000 r--p 0000e000 08:01 12591056                   /usr/lib/x86_64-linux-gnu/libXi.so.6.1.0
7fc8561ab000-7fc8561ac000 rw-p 0000f000 08:01 12591056                   /usr/lib/x86_64-linux-gnu/libXi.so.6.1.0
7fc8561ac000-7fc8561b1000 r-xp 00000000 08:01 12591076                   /usr/lib/x86_64-linux-gnu/libXtst.so.6.1.0
7fc8561b1000-7fc8563b0000 ---p 00005000 08:01 12591076                   /usr/lib/x86_64-linux-gnu/libXtst.so.6.1.0
7fc8563b0000-7fc8563b1000 r--p 00004000 08:01 12591076                   /usr/lib/x86_64-linux-gnu/libXtst.so.6.1.0
7fc8563b1000-7fc8563b2000 rw-p 00005000 08:01 12591076                   /usr/lib/x86_64-linux-gnu/libXtst.so.6.1.0
7fc8563b2000-7fc8563bb000 r-xp 00000000 08:01 12591070                   /usr/lib/x86_64-linux-gnu/libXrender.so.1.3.0
7fc8563bb000-7fc8565ba000 ---p 00009000 08:01 12591070                   /usr/lib/x86_64-linux-gnu/libXrender.so.1.3.0
7fc8565ba000-7fc8565bb000 r--p 00008000 08:01 12591070                   /usr/lib/x86_64-linux-gnu/libXrender.so.1.3.0
7fc8565bb000-7fc8565bc000 rw-p 00009000 08:01 12591070                   /usr/lib/x86_64-linux-gnu/libXrender.so.1.3.0
7fc8565bc000-7fc8566ef000 r-xp 00000000 08:01 12583169                   /usr/lib/x86_64-linux-gnu/libX11.so.6.3.0
7fc8566ef000-7fc8568ef000 ---p 00133000 08:01 12583169                   /usr/lib/x86_64-linux-gnu/libX11.so.6.3.0
7fc8568ef000-7fc8568f0000 r--p 00133000 08:01 12583169                   /usr/lib/x86_64-linux-gnu/libX11.so.6.3.0
7fc8568f0000-7fc8568f4000 rw-p 00134000 08:01 12583169                   /usr/lib/x86_64-linux-gnu/libX11.so.6.3.0
7fc8568f4000-7fc856905000 r-xp 00000000 08:01 12591048                   /usr/lib/x86_64-linux-gnu/libXext.so.6.4.0
7fc856905000-7fc856b04000 ---p 00011000 08:01 12591048                   /usr/lib/x86_64-linux-gnu/libXext.so.6.4.0
7fc856b04000-7fc856b05000 r--p 00010000 08:01 12591048                   /usr/lib/x86_64-linux-gnu/libXext.so.6.4.0
7fc856b05000-7fc856b06000 rw-p 00011000 08:01 12591048                   /usr/lib/x86_64-linux-gnu/libXext.so.6.4.0
7fc856b06000-7fc856b62000 r-xp 00000000 08:01 12588435                   /usr/lib/jvm/java-8-openjdk-amd64/jre/lib/amd64/libawt_xawt.so
7fc856b62000-7fc856d61000 ---p 0005c000 08:01 12588435                   /usr/lib/jvm/java-8-openjdk-amd64/jre/lib/amd64/libawt_xawt.so
7fc856d61000-7fc856d62000 r--p 0005b000 08:01 12588435                   /usr/lib/jvm/java-8-openjdk-amd64/jre/lib/amd64/libawt_xawt.so
7fc856d62000-7fc856d65000 rw-p 0005c000 08:01 12588435                   /usr/lib/jvm/java-8-openjdk-amd64/jre/lib/amd64/libawt_xawt.so
7fc856d65000-7fc856d67000 rw-p 00000000 00:00 0 
7fc856d67000-7fc856e06000 r-xp 00000000 08:01 12588433                   /usr/lib/jvm/java-8-openjdk-amd64/jre/lib/amd64/libawt.so
7fc856e06000-7fc857005000 ---p 0009f000 08:01 12588433                   /usr/lib/jvm/java-8-openjdk-amd64/jre/lib/amd64/libawt.so
7fc857005000-7fc857006000 r--p 0009e000 08:01 12588433                   /usr/lib/jvm/java-8-openjdk-amd64/jre/lib/amd64/libawt.so
7fc857006000-7fc857011000 rw-p 0009f000 08:01 12588433                   /usr/lib/jvm/java-8-openjdk-amd64/jre/lib/amd64/libawt.so
7fc857011000-7fc858000000 rw-p 00000000 00:00 0 
7fc858000000-7fc858021000 rw-p 00000000 00:00 0 
7fc858021000-7fc85c000000 ---p 00000000 00:00 0 
7fc85c000000-7fc85c001000 r--s 00000000 08:01 12720295                   /var/cache/fontconfig/56cf4f4769d0f4abc89a4895d7bd3ae1-le64.cache-7
7fc85c001000-7fc85c002000 r--s 00000000 08:01 12720319                   /var/cache/fontconfig/b9d506c9ac06c20b433354fa67a72993-le64.cache-7
7fc85c002000-7fc85c008000 r--s 00000000 08:01 12720317                   /var/cache/fontconfig/b47c4e1ecd0709278f4910c18777a504-le64.cache-7
7fc85c008000-7fc85c009000 r--s 00000000 08:01 12720282                   /var/cache/fontconfig/370e5b74bf5dafc30834de68e24a87a4-le64.cache-7
7fc85c009000-7fc85c00a000 r--s 00000000 08:01 12720303                   /var/cache/fontconfig/6b2c5944714ca7831b25bed9e85cb5c8-le64.cache-7
7fc85c00a000-7fc85c00b000 r--s 00000000 08:01 12720326                   /var/cache/fontconfig/d5178ab6d91b49bf20a416737dcea9e8-le64.cache-7
7fc85c00b000-7fc85c00c000 r--s 00000000 08:01 12720293                   /var/cache/fontconfig/551ecf3b0e8b0bca0f25c0944f561853-le64.cache-7
7fc85c00c000-7fc85c00f000 r--s 00000000 08:01 12720335                   /var/cache/fontconfig/f259c2cffa685e28062317905db73c4a-le64.cache-7
7fc85c00f000-7fc85c011000 r--s 00000000 08:01 12720292                   /var/cache/fontconfig/550f3886151c940c12a5ed35f6a00586-le64.cache-7
7fc85c011000-7fc85c014000 r--s 00000000 08:01 12720301                   /var/cache/fontconfig/674d1711f2d1d2a09646eb0bdcadee49-le64.cache-7
7fc85c014000-7fc85c015000 r--s 00000000 08:01 12720286                   /var/cache/fontconfig/3f7329c5293ffd510edef78f73874cfd-le64.cache-7
7fc85c015000-7fc85c021000 r--s 00000000 08:01 12720328                   /var/cache/fontconfig/d589a48862398ed80a3d6066f4f56f4c-le64.cache-7
7fc85c021000-7fc85c022000 r--s 00000000 08:01 12720280                   /var/cache/fontconfig/30829fa25452a46451e813d634d7f916-le64.cache-7
7fc85c022000-7fc85c023000 r--s 00000000 08:01 12720271                   /var/cache/fontconfig/0c9eb80ebd1c36541ebe2852d3bb0c49-le64.cache-7
7fc85c023000-7fc85c024000 r--s 00000000 08:01 12720290                   /var/cache/fontconfig/4d9c95eba1cb85bbcf2878543262124a-le64.cache-7
7fc85c024000-7fc85c025000 r--s 00000000 08:01 12720307                   /var/cache/fontconfig/85e0a52ce643a7ba2ae53e5d6949cead-le64.cache-7
7fc85c025000-7fc85c026000 r--s 00000000 08:01 12720288                   /var/cache/fontconfig/49f0de54bdd920fe4f0dfd4cbac43e6b-le64.cache-7
7fc85c026000-7fc85c027000 r--s 00000000 08:01 12720337                   /var/cache/fontconfig/f6e6e0a5c3d2f6ae0c0c2e0ecd42a997-le64.cache-7
7fc85c027000-7fc85c036000 r--s 00000000 08:01 12714216                   /var/cache/fontconfig/9b89f8e3dae116d678bbf48e5f21f69b-le64.cache-7
7fc85c036000-7fc85c03f000 r--s 00000000 08:01 12720324                   /var/cache/fontconfig/d0972c3d32f097851eb916381fc38920-le64.cache-7
7fc85c03f000-7fc85c041000 r--s 00000000 08:01 12720302                   /var/cache/fontconfig/6afa1bb216ce958c1589e297e8008489-le64.cache-7
7fc85c041000-7fc85c044000 r--s 00000000 08:01 12720373                   /var/cache/fontconfig/e13b20fdb08344e0e664864cc2ede53d-le64.cache-7
7fc85c044000-7fc85c048000 r--s 00000000 08:01 12721287                   /var/cache/fontconfig/7ef2298fde41cc6eeb7af42e48b7d293-le64.cache-7
7fc85c048000-7fc85c04b000 r--s 00000000 08:01 12724974                   /var/cache/fontconfig/16326683038b281783a0ef8c680e3a10-le64.cache-7
7fc85c04b000-7fc85c058000 r--s 00000000 08:01 12724973                   /var/cache/fontconfig/8f02d4cb045bd6ce15663e43f347c9f8-le64.cache-7
7fc85c058000-7fc85c059000 r--s 00000000 08:01 10272337                   /home/marvin/.cache/fontconfig/a5d62f20862d80d4a83e1e5831ac8196-le64.cache-7
7fc85c071000-7fc85c075000 rw-s 00000000 00:18 216                        /i915 (deleted)
7fc85c075000-7fc85c079000 rw-s 00000000 00:18 214                        /i915 (deleted)
7fc85c079000-7fc85c07d000 rw-s 00000000 00:18 213                        /i915 (deleted)
7fc85c07d000-7fc85c081000 rw-s 00000000 00:18 212                        /i915 (deleted)
7fc85c081000-7fc85c085000 rw-s 00000000 00:18 119                        /i915 (deleted)
7fc85c085000-7fc85c0c5000 rw-s 00000000 00:18 91                         /i915 (deleted)
7fc85c0c5000-7fc85c0c9000 rw-s 00000000 00:18 211                        /i915 (deleted)
7fc85c0c9000-7fc85c0ce000 rw-s 00000000 00:18 207                        /i915 (deleted)
7fc85c0ce000-7fc85c0cf000 rw-s 00000000 00:05 76730                      /memfd:xshmfence (deleted)
7fc85c0cf000-7fc85c0d0000 rwxp 00000000 00:00 0 
7fc85c0d0000-7fc85c0d4000 rw-s 00000000 00:18 197                        /i915 (deleted)
7fc85c0d4000-7fc85c0d8000 rw-s 00000000 00:18 194                        /i915 (deleted)
7fc85c0d8000-7fc85c0dd000 rw-s 00000000 00:18 193                        /i915 (deleted)
7fc85c0dd000-7fc85c0e4000 r--s 00000000 08:01 12977608                   /usr/lib/x86_64-linux-gnu/gconv/gconv-modules.cache
7fc85c0e4000-7fc85c104000 rw-s 00000000 08:01 10245602                   /home/marvin/#10245602 (deleted)
7fc85c104000-7fc85c124000 r-xs 00000000 08:01 10245602                   /home/marvin/#10245602 (deleted)
7fc85c124000-7fc85c127000 ---p 00000000 00:00 0 
7fc85c127000-7fc85c225000 rw-p 00000000 00:00 0 
7fc85c225000-7fc85c226000 ---p 00000000 00:00 0 
7fc85c226000-7fc85c326000 rw-p 00000000 00:00 0 
7fc85c326000-7fc85c329000 ---p 00000000 00:00 0 
7fc85c329000-7fc85c427000 rw-p 00000000 00:00 0 
7fc85c427000-7fc85c428000 ---p 00000000 00:00 0 
7fc85c428000-7fc85c42b000 ---p 00000000 00:00 0 
7fc85c42b000-7fc85c528000 rw-p 00000000 00:00 0 
7fc85c528000-7fc85c529000 ---p 00000000 00:00 0 
7fc85c529000-7fc85c52c000 ---p 00000000 00:00 0 
7fc85c52c000-7fc85c629000 rw-p 00000000 00:00 0 
7fc85c629000-7fc85c62a000 ---p 00000000 00:00 0 
7fc85c62a000-7fc85c62d000 ---p 00000000 00:00 0 
7fc85c62d000-7fc85c72a000 rw-p 00000000 00:00 0 
7fc85c72a000-7fc85c73d000 r--s 00346000 08:01 12589276                   /usr/lib/jvm/java-8-openjdk-amd64/jre/lib/resources.jar
7fc85c73d000-7fc85c754000 r-xp 00000000 08:01 12588455                   /usr/lib/jvm/java-8-openjdk-amd64/jre/lib/amd64/libnet.so
7fc85c754000-7fc85c953000 ---p 00017000 08:01 12588455                   /usr/lib/jvm/java-8-openjdk-amd64/jre/lib/amd64/libnet.so
7fc85c953000-7fc85c954000 r--p 00016000 08:01 12588455                   /usr/lib/jvm/java-8-openjdk-amd64/jre/lib/amd64/libnet.so
7fc85c954000-7fc85c955000 rw-p 00017000 08:01 12588455                   /usr/lib/jvm/java-8-openjdk-amd64/jre/lib/amd64/libnet.so
7fc85c955000-7fc85c967000 r-xp 00000000 08:01 12588456                   /usr/lib/jvm/java-8-openjdk-amd64/jre/lib/amd64/libnio.so
7fc85c967000-7fc85cb66000 ---p 00012000 08:01 12588456                   /usr/lib/jvm/java-8-openjdk-amd64/jre/lib/amd64/libnio.so
7fc85cb66000-7fc85cb67000 r--p 00011000 08:01 12588456                   /usr/lib/jvm/java-8-openjdk-amd64/jre/lib/amd64/libnio.so
7fc85cb67000-7fc85cb68000 rw-p 00012000 08:01 12588456                   /usr/lib/jvm/java-8-openjdk-amd64/jre/lib/amd64/libnio.so
7fc85cb68000-7fc85cb6d000 r--s 000a7000 08:01 12589272                   /usr/lib/jvm/java-8-openjdk-amd64/jre/lib/jsse.jar
7fc85cb6d000-7fc85cb70000 r--s 0001f000 08:01 11418415                   /home/marvin/eclipse/configuration/org.eclipse.osgi/222/0/.cp/lib/javaagent-shaded.jar
7fc85cb70000-7fc85cb7d000 r--s 000fa000 08:01 10752532                   /home/marvin/git/SnakePro/SnakePro/lib/jfreechart-1.0.1.jar
7fc85cb7d000-7fc85cb82000 r--s 00043000 08:01 10752424                   /home/marvin/git/SnakePro/SnakePro/lib/jcommon-1.0.0.jar
7fc85cb82000-7fc85cb9d000 r--s 001d6000 08:01 12588969                   /usr/lib/jvm/java-8-openjdk-amd64/jre/lib/ext/nashorn.jar
7fc85cb9d000-7fc85cba0000 ---p 00000000 00:00 0 
7fc85cba0000-7fc85cc9e000 rw-p 00000000 00:00 0 
7fc85cc9e000-7fc85cca1000 ---p 00000000 00:00 0 
7fc85cca1000-7fc85cd9f000 rw-p 00000000 00:00 0 
7fc85cd9f000-7fc85cda2000 ---p 00000000 00:00 0 
7fc85cda2000-7fc85cea0000 rw-p 00000000 00:00 0 
7fc85cea0000-7fc85cea4000 r-xp 00000000 08:01 12588436                   /usr/lib/jvm/java-8-openjdk-amd64/jre/lib/amd64/libdt_socket.so
7fc85cea4000-7fc85d0a3000 ---p 00004000 08:01 12588436                   /usr/lib/jvm/java-8-openjdk-amd64/jre/lib/amd64/libdt_socket.so
7fc85d0a3000-7fc85d0a4000 r--p 00003000 08:01 12588436                   /usr/lib/jvm/java-8-openjdk-amd64/jre/lib/amd64/libdt_socket.so
7fc85d0a4000-7fc85d0a5000 rw-p 00004000 08:01 12588436                   /usr/lib/jvm/java-8-openjdk-amd64/jre/lib/amd64/libdt_socket.so
7fc85d0a5000-7fc85d0a8000 ---p 00000000 00:00 0 
7fc85d0a8000-7fc85d1a6000 rw-p 00000000 00:00 0 
7fc85d1a6000-7fc85d1a9000 ---p 00000000 00:00 0 
7fc85d1a9000-7fc85d2a7000 rw-p 00000000 00:00 0 
7fc85d2a7000-7fc85d2aa000 ---p 00000000 00:00 0 
7fc85d2aa000-7fc85d3a8000 rw-p 00000000 00:00 0 
7fc85d3a8000-7fc85d3a9000 ---p 00000000 00:00 0 
7fc85d3a9000-7fc85e406000 rw-p 00000000 00:00 0 
7fc85e406000-7fc85e5d8000 r--s 03ca5000 08:01 12589277                   /usr/lib/jvm/java-8-openjdk-amd64/jre/lib/rt.jar
7fc85e5d8000-7fc85e64e000 rw-p 00000000 00:00 0 
7fc85e64e000-7fc85e64f000 ---p 00000000 00:00 0 
7fc85e64f000-7fc85e74f000 rw-p 00000000 00:00 0 
7fc85e74f000-7fc85e750000 ---p 00000000 00:00 0 
7fc85e750000-7fc85e850000 rw-p 00000000 00:00 0 
7fc85e850000-7fc85e851000 ---p 00000000 00:00 0 
7fc85e851000-7fc85e9a5000 rw-p 00000000 00:00 0 
7fc85e9a5000-7fc85ee83000 ---p 00000000 00:00 0 
7fc85ee83000-7fc85eed7000 rw-p 00000000 00:00 0 
7fc85eed7000-7fc85f3b4000 ---p 00000000 00:00 0 
7fc85f3b4000-7fc85f3de000 rw-p 00000000 00:00 0 
7fc85f3de000-7fc85f64d000 ---p 00000000 00:00 0 
7fc85f64d000-7fc85f663000 rw-p 00000000 00:00 0 
7fc85f663000-7fc85fa0e000 ---p 00000000 00:00 0 
7fc85fa0e000-7fc85ff2e000 rwxp 00000000 00:00 0 
7fc85ff2e000-7fc86ea0e000 ---p 00000000 00:00 0 
7fc86ea0e000-7fc86ea16000 r-xp 00000000 08:01 12588511                   /usr/lib/jvm/java-8-openjdk-amd64/jre/lib/amd64/libzip.so
7fc86ea16000-7fc86ec15000 ---p 00008000 08:01 12588511                   /usr/lib/jvm/java-8-openjdk-amd64/jre/lib/amd64/libzip.so
7fc86ec15000-7fc86ec16000 r--p 00007000 08:01 12588511                   /usr/lib/jvm/java-8-openjdk-amd64/jre/lib/amd64/libzip.so
7fc86ec16000-7fc86ec17000 rw-p 00008000 08:01 12588511                   /usr/lib/jvm/java-8-openjdk-amd64/jre/lib/amd64/libzip.so
7fc86ec17000-7fc86ec22000 r-xp 00000000 08:01 1315528                    /lib/x86_64-linux-gnu/libnss_files-2.27.so
7fc86ec22000-7fc86ee21000 ---p 0000b000 08:01 1315528                    /lib/x86_64-linux-gnu/libnss_files-2.27.so
7fc86ee21000-7fc86ee22000 r--p 0000a000 08:01 1315528                    /lib/x86_64-linux-gnu/libnss_files-2.27.so
7fc86ee22000-7fc86ee23000 rw-p 0000b000 08:01 1315528                    /lib/x86_64-linux-gnu/libnss_files-2.27.so
7fc86ee23000-7fc86ee29000 rw-p 00000000 00:00 0 
7fc86ee29000-7fc86ee40000 r-xp 00000000 08:01 1315522                    /lib/x86_64-linux-gnu/libnsl-2.27.so
7fc86ee40000-7fc86f03f000 ---p 00017000 08:01 1315522                    /lib/x86_64-linux-gnu/libnsl-2.27.so
7fc86f03f000-7fc86f040000 r--p 00016000 08:01 1315522                    /lib/x86_64-linux-gnu/libnsl-2.27.so
7fc86f040000-7fc86f041000 rw-p 00017000 08:01 1315522                    /lib/x86_64-linux-gnu/libnsl-2.27.so
7fc86f041000-7fc86f043000 rw-p 00000000 00:00 0 
7fc86f043000-7fc86f04e000 r-xp 00000000 08:01 1315539                    /lib/x86_64-linux-gnu/libnss_nis-2.27.so
7fc86f04e000-7fc86f24d000 ---p 0000b000 08:01 1315539                    /lib/x86_64-linux-gnu/libnss_nis-2.27.so
7fc86f24d000-7fc86f24e000 r--p 0000a000 08:01 1315539                    /lib/x86_64-linux-gnu/libnss_nis-2.27.so
7fc86f24e000-7fc86f24f000 rw-p 0000b000 08:01 1315539                    /lib/x86_64-linux-gnu/libnss_nis-2.27.so
7fc86f24f000-7fc86f257000 r-xp 00000000 08:01 1315524                    /lib/x86_64-linux-gnu/libnss_compat-2.27.so
7fc86f257000-7fc86f457000 ---p 00008000 08:01 1315524                    /lib/x86_64-linux-gnu/libnss_compat-2.27.so
7fc86f457000-7fc86f458000 r--p 00008000 08:01 1315524                    /lib/x86_64-linux-gnu/libnss_compat-2.27.so
7fc86f458000-7fc86f459000 rw-p 00009000 08:01 1315524                    /lib/x86_64-linux-gnu/libnss_compat-2.27.so
7fc86f459000-7fc86f463000 r-xp 00000000 08:01 12588439                   /usr/lib/jvm/java-8-openjdk-amd64/jre/lib/amd64/libinstrument.so
7fc86f463000-7fc86f662000 ---p 0000a000 08:01 12588439                   /usr/lib/jvm/java-8-openjdk-amd64/jre/lib/amd64/libinstrument.so
7fc86f662000-7fc86f663000 r--p 00009000 08:01 12588439                   /usr/lib/jvm/java-8-openjdk-amd64/jre/lib/amd64/libinstrument.so
7fc86f663000-7fc86f664000 rw-p 0000a000 08:01 12588439                   /usr/lib/jvm/java-8-openjdk-amd64/jre/lib/amd64/libinstrument.so
7fc86f664000-7fc86f994000 r--p 00000000 08:01 12589861                   /usr/lib/locale/locale-archive
7fc86f994000-7fc86f996000 r-xp 00000000 08:01 12588457                   /usr/lib/jvm/java-8-openjdk-amd64/jre/lib/amd64/libnpt.so
7fc86f996000-7fc86fb96000 ---p 00002000 08:01 12588457                   /usr/lib/jvm/java-8-openjdk-amd64/jre/lib/amd64/libnpt.so
7fc86fb96000-7fc86fb97000 r--p 00002000 08:01 12588457                   /usr/lib/jvm/java-8-openjdk-amd64/jre/lib/amd64/libnpt.so
7fc86fb97000-7fc86fb98000 rw-p 00003000 08:01 12588457                   /usr/lib/jvm/java-8-openjdk-amd64/jre/lib/amd64/libnpt.so
7fc86fb98000-7fc86fbd3000 r-xp 00000000 08:01 12588449                   /usr/lib/jvm/java-8-openjdk-amd64/jre/lib/amd64/libjdwp.so
7fc86fbd3000-7fc86fdd2000 ---p 0003b000 08:01 12588449                   /usr/lib/jvm/java-8-openjdk-amd64/jre/lib/amd64/libjdwp.so
7fc86fdd2000-7fc86fdd3000 r--p 0003a000 08:01 12588449                   /usr/lib/jvm/java-8-openjdk-amd64/jre/lib/amd64/libjdwp.so
7fc86fdd3000-7fc86fdd4000 rw-p 0003b000 08:01 12588449                   /usr/lib/jvm/java-8-openjdk-amd64/jre/lib/amd64/libjdwp.so
7fc86fdd4000-7fc86fdfe000 r-xp 00000000 08:01 12588444                   /usr/lib/jvm/java-8-openjdk-amd64/jre/lib/amd64/libjava.so
7fc86fdfe000-7fc86fffd000 ---p 0002a000 08:01 12588444                   /usr/lib/jvm/java-8-openjdk-amd64/jre/lib/amd64/libjava.so
7fc86fffd000-7fc86fffe000 r--p 00029000 08:01 12588444                   /usr/lib/jvm/java-8-openjdk-amd64/jre/lib/amd64/libjava.so
7fc86fffe000-7fc870000000 rw-p 0002a000 08:01 12588444                   /usr/lib/jvm/java-8-openjdk-amd64/jre/lib/amd64/libjava.so
7fc870000000-7fc8715c3000 rw-p 00000000 00:00 0 
7fc8715c3000-7fc874000000 ---p 00000000 00:00 0 
7fc874000000-7fc874005000 r--s 00030000 08:01 10754109                   /home/marvin/git/SnakePro/SnakePro/lib/jinput.jar
7fc874005000-7fc874013000 r--s 000f2000 08:01 10752302                   /home/marvin/git/SnakePro/SnakePro/lib/lwjgl.jar
7fc874013000-7fc874014000 ---p 00000000 00:00 0 
7fc874014000-7fc874114000 rw-p 00000000 00:00 0 
7fc874114000-7fc874124000 r-xp 00000000 08:01 12588462                   /usr/lib/jvm/java-8-openjdk-amd64/jre/lib/amd64/libverify.so
7fc874124000-7fc874323000 ---p 00010000 08:01 12588462                   /usr/lib/jvm/java-8-openjdk-amd64/jre/lib/amd64/libverify.so
7fc874323000-7fc874325000 r--p 0000f000 08:01 12588462                   /usr/lib/jvm/java-8-openjdk-amd64/jre/lib/amd64/libverify.so
7fc874325000-7fc874326000 rw-p 00011000 08:01 12588462                   /usr/lib/jvm/java-8-openjdk-amd64/jre/lib/amd64/libverify.so
7fc874326000-7fc87432d000 r-xp 00000000 08:01 1315579                    /lib/x86_64-linux-gnu/librt-2.27.so
7fc87432d000-7fc87452c000 ---p 00007000 08:01 1315579                    /lib/x86_64-linux-gnu/librt-2.27.so
7fc87452c000-7fc87452d000 r--p 00006000 08:01 1315579                    /lib/x86_64-linux-gnu/librt-2.27.so
7fc87452d000-7fc87452e000 rw-p 00007000 08:01 1315579                    /lib/x86_64-linux-gnu/librt-2.27.so
7fc87452e000-7fc874545000 r-xp 00000000 08:01 1310796                    /lib/x86_64-linux-gnu/libgcc_s.so.1
7fc874545000-7fc874744000 ---p 00017000 08:01 1310796                    /lib/x86_64-linux-gnu/libgcc_s.so.1
7fc874744000-7fc874745000 r--p 00016000 08:01 1310796                    /lib/x86_64-linux-gnu/libgcc_s.so.1
7fc874745000-7fc874746000 rw-p 00017000 08:01 1310796                    /lib/x86_64-linux-gnu/libgcc_s.so.1
7fc874746000-7fc8748e3000 r-xp 00000000 08:01 1315501                    /lib/x86_64-linux-gnu/libm-2.27.so
7fc8748e3000-7fc874ae2000 ---p 0019d000 08:01 1315501                    /lib/x86_64-linux-gnu/libm-2.27.so
7fc874ae2000-7fc874ae3000 r--p 0019c000 08:01 1315501                    /lib/x86_64-linux-gnu/libm-2.27.so
7fc874ae3000-7fc874ae4000 rw-p 0019d000 08:01 1315501                    /lib/x86_64-linux-gnu/libm-2.27.so
7fc874ae4000-7fc874c5d000 r-xp 00000000 08:01 12583024                   /usr/lib/x86_64-linux-gnu/libstdc++.so.6.0.25
7fc874c5d000-7fc874e5d000 ---p 00179000 08:01 12583024                   /usr/lib/x86_64-linux-gnu/libstdc++.so.6.0.25
7fc874e5d000-7fc874e67000 r--p 00179000 08:01 12583024                   /usr/lib/x86_64-linux-gnu/libstdc++.so.6.0.25
7fc874e67000-7fc874e69000 rw-p 00183000 08:01 12583024                   /usr/lib/x86_64-linux-gnu/libstdc++.so.6.0.25
7fc874e69000-7fc874e6d000 rw-p 00000000 00:00 0 
7fc874e6d000-7fc875b11000 r-xp 00000000 08:01 12588568                   /usr/lib/jvm/java-8-openjdk-amd64/jre/lib/amd64/server/libjvm.so
7fc875b11000-7fc875d11000 ---p 00ca4000 08:01 12588568                   /usr/lib/jvm/java-8-openjdk-amd64/jre/lib/amd64/server/libjvm.so
7fc875d11000-7fc875da5000 r--p 00ca4000 08:01 12588568                   /usr/lib/jvm/java-8-openjdk-amd64/jre/lib/amd64/server/libjvm.so
7fc875da5000-7fc875dce000 rw-p 00d38000 08:01 12588568                   /usr/lib/jvm/java-8-openjdk-amd64/jre/lib/amd64/server/libjvm.so
7fc875dce000-7fc875dfe000 rw-p 00000000 00:00 0 
7fc875dfe000-7fc875e18000 r-xp 00000000 08:01 1315571                    /lib/x86_64-linux-gnu/libpthread-2.27.so
7fc875e18000-7fc876017000 ---p 0001a000 08:01 1315571                    /lib/x86_64-linux-gnu/libpthread-2.27.so
7fc876017000-7fc876018000 r--p 00019000 08:01 1315571                    /lib/x86_64-linux-gnu/libpthread-2.27.so
7fc876018000-7fc876019000 rw-p 0001a000 08:01 1315571                    /lib/x86_64-linux-gnu/libpthread-2.27.so
7fc876019000-7fc87601d000 rw-p 00000000 00:00 0 
7fc87601d000-7fc876020000 r-xp 00000000 08:01 1315461                    /lib/x86_64-linux-gnu/libdl-2.27.so
7fc876020000-7fc87621f000 ---p 00003000 08:01 1315461                    /lib/x86_64-linux-gnu/libdl-2.27.so
7fc87621f000-7fc876220000 r--p 00002000 08:01 1315461                    /lib/x86_64-linux-gnu/libdl-2.27.so
7fc876220000-7fc876221000 rw-p 00003000 08:01 1315461                    /lib/x86_64-linux-gnu/libdl-2.27.so
7fc876221000-7fc87623d000 r-xp 00000000 08:01 1315612                    /lib/x86_64-linux-gnu/libz.so.1.2.11
7fc87623d000-7fc87643c000 ---p 0001c000 08:01 1315612                    /lib/x86_64-linux-gnu/libz.so.1.2.11
7fc87643c000-7fc87643d000 r--p 0001b000 08:01 1315612                    /lib/x86_64-linux-gnu/libz.so.1.2.11
7fc87643d000-7fc87643e000 rw-p 0001c000 08:01 1315612                    /lib/x86_64-linux-gnu/libz.so.1.2.11
7fc87643e000-7fc876625000 r-xp 00000000 08:01 1315438                    /lib/x86_64-linux-gnu/libc-2.27.so
7fc876625000-7fc876825000 ---p 001e7000 08:01 1315438                    /lib/x86_64-linux-gnu/libc-2.27.so
7fc876825000-7fc876829000 r--p 001e7000 08:01 1315438                    /lib/x86_64-linux-gnu/libc-2.27.so
7fc876829000-7fc87682b000 rw-p 001eb000 08:01 1315438                    /lib/x86_64-linux-gnu/libc-2.27.so
7fc87682b000-7fc87682f000 rw-p 00000000 00:00 0 
7fc87682f000-7fc87683d000 r-xp 00000000 08:01 12588430                   /usr/lib/jvm/java-8-openjdk-amd64/jre/lib/amd64/jli/libjli.so
7fc87683d000-7fc876a3c000 ---p 0000e000 08:01 12588430                   /usr/lib/jvm/java-8-openjdk-amd64/jre/lib/amd64/jli/libjli.so
7fc876a3c000-7fc876a3d000 r--p 0000d000 08:01 12588430                   /usr/lib/jvm/java-8-openjdk-amd64/jre/lib/amd64/jli/libjli.so
7fc876a3d000-7fc876a3e000 rw-p 0000e000 08:01 12588430                   /usr/lib/jvm/java-8-openjdk-amd64/jre/lib/amd64/jli/libjli.so
7fc876a3e000-7fc876a65000 r-xp 00000000 08:01 1315410                    /lib/x86_64-linux-gnu/ld-2.27.so
7fc876a65000-7fc876a67000 r--s 00016000 08:01 12589270                   /usr/lib/jvm/java-8-openjdk-amd64/jre/lib/jce.jar
7fc876a67000-7fc876a72000 r--s 00099000 08:01 10752303                   /home/marvin/git/SnakePro/SnakePro/lib/slick.jar
7fc876a72000-7fc876a76000 r--s 0003a000 08:01 12588972                   /usr/lib/jvm/java-8-openjdk-amd64/jre/lib/ext/sunpkcs11.jar
7fc876a76000-7fc876a91000 r--s 00394000 08:01 12588598                   /usr/lib/jvm/java-8-openjdk-amd64/jre/lib/ext/cldrdata.jar
7fc876a91000-7fc876b3a000 rw-p 00000000 00:00 0 
7fc876b3a000-7fc876b3b000 ---p 00000000 00:00 0 
7fc876b3b000-7fc876b3e000 ---p 00000000 00:00 0 
7fc876b3e000-7fc876c3d000 rw-p 00000000 00:00 0 
7fc876c3d000-7fc876c3f000 r--s 00008000 08:01 10754106                   /home/marvin/git/SnakePro/SnakePro/lib/ibxm.jar
7fc876c3f000-7fc876c41000 r--s 00007000 08:01 13118052                   /usr/share/java/java-atk-wrapper.jar
7fc876c41000-7fc876c43000 r--s 00001000 08:01 12588953                   /usr/lib/jvm/java-8-openjdk-amd64/jre/lib/ext/dnsns.jar
7fc876c43000-7fc876c4d000 r--s 00116000 08:01 12588968                   /usr/lib/jvm/java-8-openjdk-amd64/jre/lib/ext/localedata.jar
7fc876c4d000-7fc876c4e000 r--s 00010000 08:01 12588973                   /usr/lib/jvm/java-8-openjdk-amd64/jre/lib/ext/zipfs.jar
7fc876c4e000-7fc876c51000 r--s 0000f000 08:01 12588966                   /usr/lib/jvm/java-8-openjdk-amd64/jre/lib/ext/icedtea-sound.jar
7fc876c51000-7fc876c52000 r--s 0000a000 08:01 12588967                   /usr/lib/jvm/java-8-openjdk-amd64/jre/lib/ext/jaccess.jar
7fc876c52000-7fc876c58000 r--s 0003d000 08:01 12588971                   /usr/lib/jvm/java-8-openjdk-amd64/jre/lib/ext/sunjce_provider.jar
7fc876c58000-7fc876c59000 r--s 0000d000 08:01 12588970                   /usr/lib/jvm/java-8-openjdk-amd64/jre/lib/ext/sunec.jar
7fc876c59000-7fc876c61000 rw-s 00000000 08:01 13766018                   /tmp/hsperfdata_marvin/7243
7fc876c61000-7fc876c62000 rw-p 00000000 00:00 0 
7fc876c62000-7fc876c63000 r--p 00000000 00:00 0 
7fc876c63000-7fc876c65000 rw-p 00000000 00:00 0 
7fc876c65000-7fc876c66000 r--p 00027000 08:01 1315410                    /lib/x86_64-linux-gnu/ld-2.27.so
7fc876c66000-7fc876c67000 rw-p 00028000 08:01 1315410                    /lib/x86_64-linux-gnu/ld-2.27.so
7fc876c67000-7fc876c68000 rw-p 00000000 00:00 0 
7ffcdd27b000-7ffcdd29c000 rw-p 00000000 00:00 0                          [stack]
7ffcdd394000-7ffcdd397000 r--p 00000000 00:00 0                          [vvar]
7ffcdd397000-7ffcdd399000 r-xp 00000000 00:00 0                          [vdso]
ffffffffff600000-ffffffffff601000 r-xp 00000000 00:00 0                  [vsyscall]

VM Arguments:
jvm_args: -agentlib:jdwp=transport=dt_socket,suspend=y,address=localhost:39825 -Djava.library.path=/home/marvin/git/SnakePro/SnakePro/natives/natives-linux:/home/marvin/git/SnakePro/SnakePro/natives/natives-linux:/home/marvin/git/SnakePro/SnakePro/natives/natives-linux:/home/marvin/git/SnakePro/SnakePro/natives/natives-linux:/home/marvin/git/SnakePro/SnakePro/natives/natives-linux -javaagent:/home/marvin/eclipse/configuration/org.eclipse.osgi/222/0/.cp/lib/javaagent-shaded.jar -Dfile.encoding=UTF-8 
java_command: snake.SnakePro
java_class_path (initial): /home/marvin/git/SnakePro/SnakePro/bin:/home/marvin/git/SnakePro/SnakePro/lib/lwjgl.jar:/home/marvin/git/SnakePro/SnakePro/lib/slick.jar:/home/marvin/git/SnakePro/SnakePro/lib/ibxm.jar:/home/marvin/git/SnakePro/SnakePro/lib/jinput.jar:/home/marvin/git/SnakePro/SnakePro/lib/jcommon-1.0.0.jar:/home/marvin/git/SnakePro/SnakePro/lib/jfreechart-1.0.1.jar:/home/marvin/eclipse/configuration/org.eclipse.osgi/222/0/.cp/lib/javaagent-shaded.jar
Launcher Type: SUN_STANDARD

Environment Variables:
PATH=/usr/local/sbin:/usr/local/bin:/usr/sbin:/usr/bin:/sbin:/bin:/usr/games:/usr/local/games:/usr/local/go/bin
SHELL=/bin/bash
DISPLAY=:0

Signal Handlers:
SIGSEGV: [libjvm.so+0xabd470], sa_mask[0]=11111111011111111101111111111110, sa_flags=SA_RESTART|SA_SIGINFO
SIGBUS: [libjvm.so+0xabd470], sa_mask[0]=11111111011111111101111111111110, sa_flags=SA_RESTART|SA_SIGINFO
SIGFPE: [libjvm.so+0x8f1c90], sa_mask[0]=11111111011111111101111111111110, sa_flags=SA_RESTART|SA_SIGINFO
SIGPIPE: [libjvm.so+0x8f1c90], sa_mask[0]=11111111011111111101111111111110, sa_flags=SA_RESTART|SA_SIGINFO
SIGXFSZ: [libjvm.so+0x8f1c90], sa_mask[0]=11111111011111111101111111111110, sa_flags=SA_RESTART|SA_SIGINFO
SIGILL: [libjvm.so+0x8f1c90], sa_mask[0]=11111111011111111101111111111110, sa_flags=SA_RESTART|SA_SIGINFO
SIGUSR1: SIG_DFL, sa_mask[0]=00000000000000000000000000000000, sa_flags=none
SIGUSR2: [libjvm.so+0x8f1b40], sa_mask[0]=00100000000000000000000000000000, sa_flags=SA_RESTART|SA_SIGINFO
SIGHUP: [libjvm.so+0x8f21b0], sa_mask[0]=11111111011111111101111111111110, sa_flags=SA_RESTART|SA_SIGINFO
SIGINT: [libjvm.so+0x8f21b0], sa_mask[0]=11111111011111111101111111111110, sa_flags=SA_RESTART|SA_SIGINFO
SIGTERM: [libjvm.so+0x8f21b0], sa_mask[0]=11111111011111111101111111111110, sa_flags=SA_RESTART|SA_SIGINFO
SIGQUIT: [libjvm.so+0x8f21b0], sa_mask[0]=11111111011111111101111111111110, sa_flags=SA_RESTART|SA_SIGINFO


---------------  S Y S T E M  ---------------

OS:DISTRIB_ID=LinuxMint
DISTRIB_RELEASE=19.1
DISTRIB_CODENAME=tessa
DISTRIB_DESCRIPTION="Linux Mint 19.1 Tessa"

uname:Linux 4.15.0-99-generic #100-Ubuntu SMP Wed Apr 22 20:32:56 UTC 2020 x86_64
libc:glibc 2.27 NPTL 2.27 
rlimit: STACK 8192k, CORE 0k, NPROC 63525, NOFILE 1048576, AS infinity
load average:0,38 0,44 0,38

/proc/meminfo:
MemTotal:       16328688 kB
MemFree:        12965116 kB
MemAvailable:   14376424 kB
Buffers:          140876 kB
Cached:          1651148 kB
SwapCached:            0 kB
Active:          1979372 kB
Inactive:        1142456 kB
Active(anon):    1331032 kB
Inactive(anon):   179492 kB
Active(file):     648340 kB
Inactive(file):   962964 kB
Unevictable:         112 kB
Mlocked:             112 kB
SwapTotal:       2097148 kB
SwapFree:        2097148 kB
Dirty:                80 kB
Writeback:             0 kB
AnonPages:       1330204 kB
Mapped:           286916 kB
Shmem:            180724 kB
Slab:             134608 kB
SReclaimable:      98896 kB
SUnreclaim:        35712 kB
KernelStack:        7504 kB
PageTables:        30020 kB
NFS_Unstable:          0 kB
Bounce:                0 kB
WritebackTmp:          0 kB
CommitLimit:    10261492 kB
Committed_AS:    3950604 kB
VmallocTotal:   34359738367 kB
VmallocUsed:           0 kB
VmallocChunk:          0 kB
HardwareCorrupted:     0 kB
AnonHugePages:         0 kB
ShmemHugePages:        0 kB
ShmemPmdMapped:        0 kB
CmaTotal:              0 kB
CmaFree:               0 kB
HugePages_Total:       0
HugePages_Free:        0
HugePages_Rsvd:        0
HugePages_Surp:        0
Hugepagesize:       2048 kB
DirectMap4k:      136516 kB
DirectMap2M:    16543744 kB

container (cgroup) information:
container_type: cgroupv1
cpu_cpuset_cpus: 0-3
cpu_memory_nodes: 0
active_processor_count: 4
cpu_quota: -1
cpu_period: 100000
cpu_shares: -1
memory_limit_in_bytes: -1
memory_and_swap_limit_in_bytes: -2
memory_soft_limit_in_bytes: -1
memory_usage_in_bytes: 3197599744
memory_max_usage_in_bytes: 0


CPU:total 4 (initial active 4) (2 cores per cpu, 2 threads per core) family 6 model 58 stepping 9, cmov, cx8, fxsr, mmx, sse, sse2, sse3, ssse3, sse4.1, sse4.2, popcnt, avx, aes, clmul, erms, ht, tsc, tscinvbit, tscinv

/proc/cpuinfo:
processor	: 0
vendor_id	: GenuineIntel
cpu family	: 6
model		: 58
model name	: Intel(R) Core(TM) i5-3320M CPU @ 2.60GHz
stepping	: 9
microcode	: 0x21
cpu MHz		: 3090.101
cache size	: 3072 KB
physical id	: 0
siblings	: 4
core id		: 0
cpu cores	: 2
apicid		: 0
initial apicid	: 0
fpu		: yes
fpu_exception	: yes
cpuid level	: 13
wp		: yes
flags		: fpu vme de pse tsc msr pae mce cx8 apic sep mtrr pge mca cmov pat pse36 clflush dts acpi mmx fxsr sse sse2 ss ht tm pbe syscall nx rdtscp lm constant_tsc arch_perfmon pebs bts rep_good nopl xtopology nonstop_tsc cpuid aperfmperf pni pclmulqdq dtes64 monitor ds_cpl vmx smx est tm2 ssse3 cx16 xtpr pdcm pcid sse4_1 sse4_2 x2apic popcnt tsc_deadline_timer aes xsave avx f16c rdrand lahf_lm cpuid_fault epb pti ssbd ibrs ibpb stibp tpr_shadow vnmi flexpriority ept vpid fsgsbase smep erms xsaveopt dtherm ida arat pln pts md_clear flush_l1d
bugs		: cpu_meltdown spectre_v1 spectre_v2 spec_store_bypass l1tf mds swapgs itlb_multihit
bogomips	: 5183.30
clflush size	: 64
cache_alignment	: 64
address sizes	: 36 bits physical, 48 bits virtual
power management:

processor	: 1
vendor_id	: GenuineIntel
cpu family	: 6
model		: 58
model name	: Intel(R) Core(TM) i5-3320M CPU @ 2.60GHz
stepping	: 9
microcode	: 0x21
cpu MHz		: 3089.801
cache size	: 3072 KB
physical id	: 0
siblings	: 4
core id		: 1
cpu cores	: 2
apicid		: 2
initial apicid	: 2
fpu		: yes
fpu_exception	: yes
cpuid level	: 13
wp		: yes
flags		: fpu vme de pse tsc msr pae mce cx8 apic sep mtrr pge mca cmov pat pse36 clflush dts acpi mmx fxsr sse sse2 ss ht tm pbe syscall nx rdtscp lm constant_tsc arch_perfmon pebs bts rep_good nopl xtopology nonstop_tsc cpuid aperfmperf pni pclmulqdq dtes64 monitor ds_cpl vmx smx est tm2 ssse3 cx16 xtpr pdcm pcid sse4_1 sse4_2 x2apic popcnt tsc_deadline_timer aes xsave avx f16c rdrand lahf_lm cpuid_fault epb pti ssbd ibrs ibpb stibp tpr_shadow vnmi flexpriority ept vpid fsgsbase smep erms xsaveopt dtherm ida arat pln pts md_clear flush_l1d
bugs		: cpu_meltdown spectre_v1 spectre_v2 spec_store_bypass l1tf mds swapgs itlb_multihit
bogomips	: 5183.30
clflush size	: 64
cache_alignment	: 64
address sizes	: 36 bits physical, 48 bits virtual
power management:

processor	: 2
vendor_id	: GenuineIntel
cpu family	: 6
model		: 58
model name	: Intel(R) Core(TM) i5-3320M CPU @ 2.60GHz
stepping	: 9
microcode	: 0x21
cpu MHz		: 3090.046
cache size	: 3072 KB
physical id	: 0
siblings	: 4
core id		: 0
cpu cores	: 2
apicid		: 1
initial apicid	: 1
fpu		: yes
fpu_exception	: yes
cpuid level	: 13
wp		: yes
flags		: fpu vme de pse tsc msr pae mce cx8 apic sep mtrr pge mca cmov pat pse36 clflush dts acpi mmx fxsr sse sse2 ss ht tm pbe syscall nx rdtscp lm constant_tsc arch_perfmon pebs bts rep_good nopl xtopology nonstop_tsc cpuid aperfmperf pni pclmulqdq dtes64 monitor ds_cpl vmx smx est tm2 ssse3 cx16 xtpr pdcm pcid sse4_1 sse4_2 x2apic popcnt tsc_deadline_timer aes xsave avx f16c rdrand lahf_lm cpuid_fault epb pti ssbd ibrs ibpb stibp tpr_shadow vnmi flexpriority ept vpid fsgsbase smep erms xsaveopt dtherm ida arat pln pts md_clear flush_l1d
bugs		: cpu_meltdown spectre_v1 spectre_v2 spec_store_bypass l1tf mds swapgs itlb_multihit
bogomips	: 5183.30
clflush size	: 64
cache_alignment	: 64
address sizes	: 36 bits physical, 48 bits virtual
power management:

processor	: 3
vendor_id	: GenuineIntel
cpu family	: 6
model		: 58
model name	: Intel(R) Core(TM) i5-3320M CPU @ 2.60GHz
stepping	: 9
microcode	: 0x21
cpu MHz		: 3090.048
cache size	: 3072 KB
physical id	: 0
siblings	: 4
core id		: 1
cpu cores	: 2
apicid		: 3
initial apicid	: 3
fpu		: yes
fpu_exception	: yes
cpuid level	: 13
wp		: yes
flags		: fpu vme de pse tsc msr pae mce cx8 apic sep mtrr pge mca cmov pat pse36 clflush dts acpi mmx fxsr sse sse2 ss ht tm pbe syscall nx rdtscp lm constant_tsc arch_perfmon pebs bts rep_good nopl xtopology nonstop_tsc cpuid aperfmperf pni pclmulqdq dtes64 monitor ds_cpl vmx smx est tm2 ssse3 cx16 xtpr pdcm pcid sse4_1 sse4_2 x2apic popcnt tsc_deadline_timer aes xsave avx f16c rdrand lahf_lm cpuid_fault epb pti ssbd ibrs ibpb stibp tpr_shadow vnmi flexpriority ept vpid fsgsbase smep erms xsaveopt dtherm ida arat pln pts md_clear flush_l1d
bugs		: cpu_meltdown spectre_v1 spectre_v2 spec_store_bypass l1tf mds swapgs itlb_multihit
bogomips	: 5183.30
clflush size	: 64
cache_alignment	: 64
address sizes	: 36 bits physical, 48 bits virtual
power management:



Memory: 4k page, physical 16328688k(12967972k free), swap 2097148k(2097148k free)

vm_info: OpenJDK 64-Bit Server VM (25.252-b09) for linux-amd64 JRE (1.8.0_252-8u252-b09-1~18.04-b09), built on Apr 15 2020 18:48:05 by "buildd" with gcc 7.5.0

time: Sat May 16 18:55:18 2020
timezone: CEST
elapsed time: 2 seconds (0d 0h 0m 2s)

